2024-02-02 18:02:17 INFO  BaseClass:68 - chrome : is launched successfully
2024-02-02 18:02:406 INFO  BaseClass:88 - Enter URL : https://test-v2-eh.ebixexchange.com/login
2024-02-02 18:02:757 INFO  BaseClass:95 - verifyLoginURL test is Started
2024-02-02 18:02:778 INFO  LoginPage:63 - Verify URL
2024-02-02 18:02:799 INFO  BaseClass:109 - verifyLoginURL test is pass
2024-02-02 18:02:803 INFO  BaseClass:116 - verifyLoginURL - is Finished.
2024-02-02 18:02:214 INFO  BaseClass:95 - verifyLoginPageTitle test is Started
2024-02-02 18:02:225 INFO  LoginPage:68 - Verify login page Title
2024-02-02 18:02:355 INFO  BaseClass:109 - verifyLoginPageTitle test is pass
2024-02-02 18:02:358 INFO  BaseClass:116 - verifyLoginPageTitle - is Finished.
2024-02-02 18:02:411 INFO  BaseClass:95 - verifyLogoImage test is Started
2024-02-02 18:02:414 INFO  LoginPage:73 - Verify Logo
2024-02-02 18:02:481 INFO  BaseClass:109 - verifyLogoImage test is pass
2024-02-02 18:02:483 INFO  BaseClass:116 - verifyLogoImage - is Finished.
2024-02-02 18:02:528 INFO  BaseClass:95 - verifyUserIdLabel test is Started
2024-02-02 18:02:532 INFO  LoginPage:78 - Verify User ID Label
2024-02-02 18:02:612 INFO  BaseClass:109 - verifyUserIdLabel test is pass
2024-02-02 18:02:615 INFO  BaseClass:116 - verifyUserIdLabel - is Finished.
2024-02-02 18:02:642 INFO  BaseClass:95 - verifyPasswordLabel test is Started
2024-02-02 18:02:647 INFO  LoginPage:83 - Verify Password Label
2024-02-02 18:02:709 INFO  BaseClass:109 - verifyPasswordLabel test is pass
2024-02-02 18:02:713 INFO  BaseClass:116 - verifyPasswordLabel - is Finished.
2024-02-02 18:02:733 INFO  BaseClass:95 - verifyLoginButtonText test is Started
2024-02-02 18:02:738 INFO  LoginPage:87 - Verify Login Button Text
2024-02-02 18:02:802 INFO  BaseClass:109 - verifyLoginButtonText test is pass
2024-02-02 18:02:803 INFO  BaseClass:116 - verifyLoginButtonText - is Finished.
2024-02-02 18:02:822 INFO  BaseClass:95 - verifyPoweredByText test is Started
2024-02-02 18:02:832 INFO  LoginPage:91 - Verify Powered By Text
2024-02-02 18:02:933 INFO  BaseClass:109 - verifyPoweredByText test is pass
2024-02-02 18:02:935 INFO  BaseClass:116 - verifyPoweredByText - is Finished.
2024-02-02 18:02:954 INFO  BaseClass:95 - verifyFooterLogo test is Started
2024-02-02 18:02:959 INFO  LoginPage:95 - Verify Footer Logo
2024-02-02 18:02:30 INFO  BaseClass:109 - verifyFooterLogo test is pass
2024-02-02 18:02:30 INFO  BaseClass:116 - verifyFooterLogo - is Finished.
2024-02-02 18:02:113 INFO  BaseClass:95 - doLogin test is Started
2024-02-02 18:02:848 INFO  LoginPage:103 - Enter Username : pankaj.yadav
2024-02-02 18:02:271 INFO  LoginPage:109 - Enter Password : Ebix@123
2024-02-02 18:02:526 INFO  LoginPage:114 - Clicked on Login
2024-02-02 18:02:128 INFO  BaseClass:109 - doLogin test is pass
2024-02-02 18:02:129 INFO  BaseClass:116 - doLogin - is Finished.
2024-02-02 18:02:163 INFO  BaseClass:95 - verifyUserLogin test is Started
2024-02-02 18:02:166 INFO  LoginPage:125 - Verify User Login
2024-02-02 18:02:375 INFO  BaseClass:109 - verifyUserLogin test is pass
2024-02-02 18:02:375 INFO  BaseClass:116 - verifyUserLogin - is Finished.
2024-02-02 18:02:801 INFO  BaseClass:68 - chrome : is launched successfully
2024-02-02 18:02:840 INFO  BaseClass:88 - Enter URL : https://test-v2-eh.ebixexchange.com/login
2024-02-02 18:02:273 INFO  BaseClass:95 - login test is Started
2024-02-02 18:02:173 INFO  LoginPage:103 - Enter Username : pankaj.yadav
2024-02-02 18:02:225 INFO  LoginPage:109 - Enter Password : Ebix@123
2024-02-02 18:02:507 INFO  LoginPage:114 - Clicked on Login
2024-02-02 18:02:813 INFO  BaseClass:109 - login test is pass
2024-02-02 18:02:814 INFO  BaseClass:116 - login - is Finished.
2024-02-02 18:02:205 INFO  BaseClass:95 - createNewPolicy test is Started
2024-02-02 18:02:728 INFO  CommonLocatorsAndMethod:388 - Clicked on Policy
2024-02-02 18:02:119 INFO  CommonLocatorsAndMethod:393 - Clicked on Add Policy
2024-02-02 18:02:431 INFO  CommonLocatorsAndMethod:402 - Clicked on Entity Grid
2024-02-02 18:02:939 INFO  CommonLocatorsAndMethod:407 - Select Entity
2024-02-02 18:02:353 INFO  CommonLocatorsAndMethod:411 - Clicked on Class Grid
2024-02-02 18:02:107 INFO  CommonLocatorsAndMethod:423 - Select Class - [[ChromeDriver: chrome on windows (4a124c651a591d7fa9370546417a5c5b)] -> xpath: //span[text()=' Offshore ']]
2024-02-02 18:02:988 INFO  CommonLocatorsAndMethod:423 - Select Class - [[ChromeDriver: chrome on windows (4a124c651a591d7fa9370546417a5c5b)] -> xpath: //span[text()=' Offshore Renewables ']]
2024-02-02 18:02:557 INFO  CommonLocatorsAndMethod:432 - Clicked on Perils Grid
2024-02-02 18:02:522 INFO  CommonLocatorsAndMethod:439 - Enter Policy Reference : Policy_02022024_01
2024-02-02 18:02:248 INFO  CommonLocatorsAndMethod:444 - Enter Assured : Assured_01
2024-02-02 18:02:662 INFO  CommonLocatorsAndMethod:447 - Scroll till other field text
2024-02-02 18:02:588 INFO  CommonLocatorsAndMethod:452 - Clicked on Other Field
2024-02-02 18:02:649 INFO  CommonLocatorsAndMethod:459 - Clicked on Save
2024-02-02 18:02:241 INFO  CommonLocatorsAndMethod:464 - Clicked on Policy Navigation Link
2024-02-02 18:02:198 INFO  CommonLocatorsAndMethod:470 - Verify created Policy
2024-02-02 18:02:209 INFO  BaseClass:109 - createNewPolicy test is pass
2024-02-02 18:02:210 INFO  BaseClass:116 - createNewPolicy - is Finished.
2024-02-02 18:02:779 INFO  BaseClass:68 - chrome : is launched successfully
2024-02-02 18:02:82 INFO  BaseClass:88 - Enter URL : https://test-v2-eh.ebixexchange.com/login
2024-02-02 18:02:542 INFO  BaseClass:95 - login test is Started
2024-02-02 18:02:324 INFO  LoginPage:103 - Enter Username : pankaj.yadav
2024-02-02 18:02:942 INFO  LoginPage:109 - Enter Password : Ebix@123
2024-02-02 18:02:158 INFO  LoginPage:114 - Clicked on Login
2024-02-02 18:02:629 INFO  BaseClass:109 - login test is pass
2024-02-02 18:02:639 INFO  BaseClass:116 - login - is Finished.
2024-02-02 18:02:810 INFO  BaseClass:95 - createNewPolicy test is Started
2024-02-02 18:02:276 INFO  CommonLocatorsAndMethod:388 - Clicked on Policy
2024-02-02 18:02:695 INFO  CommonLocatorsAndMethod:393 - Clicked on Add Policy
2024-02-02 18:02:394 INFO  CommonLocatorsAndMethod:402 - Clicked on Entity Grid
2024-02-02 18:02:895 INFO  CommonLocatorsAndMethod:407 - Select Entity
2024-02-02 18:02:248 INFO  CommonLocatorsAndMethod:411 - Clicked on Class Grid
2024-02-02 18:02:953 INFO  CommonLocatorsAndMethod:423 - Select Class - [[ChromeDriver: chrome on windows (b8bcb8446632cfa714e4b921e125a69d)] -> xpath: //span[text()=' Offshore ']]
2024-02-02 18:02:690 INFO  CommonLocatorsAndMethod:423 - Select Class - [[ChromeDriver: chrome on windows (b8bcb8446632cfa714e4b921e125a69d)] -> xpath: //span[text()=' Offshore Renewables ']]
2024-02-02 18:02:947 INFO  BaseClass:102 - createNewPolicy test is Failedjava.lang.AssertionError: expected [Policy_02022024_02] but found [null]
2024-02-02 18:02:401 INFO  BaseClass:116 - createNewPolicy - is Finished.
2024-02-02 18:02:546 INFO  BaseClass:95 - addNewLimitGroup test is Started
