2024-02-02 15:02:519 INFO  BaseClass:68 - chrome : is launched successfully
2024-02-02 15:02:199 INFO  BaseClass:68 - chrome : is launched successfully
2024-02-02 15:02:82 INFO  BaseClass:88 - Enter URL : https://test-v2-eh.ebixexchange.com/login
2024-02-02 15:02:617 INFO  BaseClass:88 - Enter URL : https://test-v2-eh.ebixexchange.com/login
2024-02-02 15:02:124 INFO  BaseClass:95 - verifyLoginURL test is Started
2024-02-02 15:02:226 INFO  LoginPage:63 - Verify URL
2024-02-02 15:02:343 INFO  BaseClass:95 - login test is Started
2024-02-02 15:02:623 INFO  BaseClass:109 - verifyLoginURL test is pass
2024-02-02 15:02:629 INFO  BaseClass:116 - verifyLoginURL - is Finished.
2024-02-02 15:02:163 INFO  BaseClass:95 - verifyLoginPageTitle test is Started
2024-02-02 15:02:174 INFO  LoginPage:68 - Verify login page Title
2024-02-02 15:02:261 INFO  BaseClass:109 - verifyLoginPageTitle test is pass
2024-02-02 15:02:262 INFO  BaseClass:116 - verifyLoginPageTitle - is Finished.
2024-02-02 15:02:326 INFO  BaseClass:95 - verifyLogoImage test is Started
2024-02-02 15:02:330 INFO  LoginPage:73 - Verify Logo
2024-02-02 15:02:725 INFO  LoginPage:103 - Enter Username : pankaj.yadav
2024-02-02 15:02:149 INFO  LoginPage:109 - Enter Password : Ebix@123
2024-02-02 15:02:378 INFO  LoginPage:114 - Clicked on Login
2024-02-02 15:02:778 INFO  BaseClass:102 - verifyLogoImage test is Failedjava.lang.AssertionError: expected [true] but found [false]
2024-02-02 15:02:779 INFO  BaseClass:109 - login test is pass
2024-02-02 15:02:783 INFO  BaseClass:116 - login - is Finished.
2024-02-02 15:02:962 INFO  BaseClass:95 - createNewPolicy test is Started
2024-02-02 15:02:952 INFO  BaseClass:116 - verifyLogoImage - is Finished.
2024-02-02 15:02:26 INFO  BaseClass:95 - verifyUserIdLabel test is Started
2024-02-02 15:02:30 INFO  LoginPage:78 - Verify User ID Label
