2024-02-08 12:02:656 INFO  BaseClass:68 - chrome : is launched successfully
2024-02-08 12:02:536 INFO  BaseClass:90 - Enter URL : https://test-eh.ebixexchange.com/login
2024-02-08 12:02:72 INFO  BaseClass:97 - verifyLoginURL test is Started
2024-02-08 12:02:129 INFO  LoginPage:62 - Verify URL
2024-02-08 12:02:278 INFO  BaseClass:111 - verifyLoginURL test is pass
2024-02-08 12:02:279 INFO  BaseClass:118 - verifyLoginURL - is Finished.
2024-02-08 12:02:395 INFO  BaseClass:97 - verifyLoginPageTitle test is Started
2024-02-08 12:02:403 INFO  LoginPage:67 - Verify login page Title
2024-02-08 12:02:436 INFO  BaseClass:111 - verifyLoginPageTitle test is pass
2024-02-08 12:02:438 INFO  BaseClass:118 - verifyLoginPageTitle - is Finished.
2024-02-08 12:02:468 INFO  BaseClass:97 - verifyUserIdLabel test is Started
2024-02-08 12:02:471 INFO  LoginPage:72 - Verify User ID Label
2024-02-08 12:02:595 INFO  BaseClass:111 - verifyUserIdLabel test is pass
2024-02-08 12:02:597 INFO  BaseClass:118 - verifyUserIdLabel - is Finished.
2024-02-08 12:02:644 INFO  BaseClass:97 - verifyPasswordLabel test is Started
2024-02-08 12:02:647 INFO  LoginPage:77 - Verify Password Label
2024-02-08 12:02:695 INFO  BaseClass:111 - verifyPasswordLabel test is pass
2024-02-08 12:02:696 INFO  BaseClass:118 - verifyPasswordLabel - is Finished.
2024-02-08 12:02:725 INFO  BaseClass:97 - verifyLoginButtonText test is Started
2024-02-08 12:02:728 INFO  LoginPage:81 - Verify Login Button Text
2024-02-08 12:02:783 INFO  BaseClass:111 - verifyLoginButtonText test is pass
2024-02-08 12:02:783 INFO  BaseClass:118 - verifyLoginButtonText - is Finished.
2024-02-08 12:02:806 INFO  BaseClass:97 - verifyPoweredByText test is Started
2024-02-08 12:02:814 INFO  LoginPage:85 - Verify Powered By Text
2024-02-08 12:02:881 INFO  BaseClass:111 - verifyPoweredByText test is pass
2024-02-08 12:02:883 INFO  BaseClass:118 - verifyPoweredByText - is Finished.
2024-02-08 12:02:907 INFO  BaseClass:97 - doLogin test is Started
2024-02-08 12:02:646 INFO  LoginPage:94 - Enter Username : suneel.k
2024-02-08 12:02:05 INFO  LoginPage:100 - Enter Password : ebix@123
2024-02-08 12:02:223 INFO  LoginPage:105 - Clicked on Login
2024-02-08 12:02:866 INFO  BaseClass:111 - doLogin test is pass
2024-02-08 12:02:867 INFO  BaseClass:118 - doLogin - is Finished.
2024-02-08 12:02:893 INFO  BaseClass:97 - verifyUserLogin test is Started
2024-02-08 12:02:900 INFO  LoginPage:116 - Verify User Login
2024-02-08 12:02:55 INFO  BaseClass:111 - verifyUserLogin test is pass
2024-02-08 12:02:56 INFO  BaseClass:118 - verifyUserLogin - is Finished.
2024-02-08 12:02:642 INFO  BaseClass:68 - chrome : is launched successfully
2024-02-08 12:02:46 INFO  BaseClass:90 - Enter URL : https://test-eh.ebixexchange.com/login
2024-02-08 12:02:403 INFO  BaseClass:97 - login test is Started
2024-02-08 12:02:174 INFO  LoginPage:94 - Enter Username : suneel.k
2024-02-08 12:02:590 INFO  LoginPage:100 - Enter Password : ebix@123
2024-02-08 12:02:839 INFO  LoginPage:105 - Clicked on Login
2024-02-08 12:02:132 INFO  BaseClass:111 - login test is pass
2024-02-08 12:02:132 INFO  BaseClass:118 - login - is Finished.
2024-02-08 12:02:197 INFO  BaseClass:97 - createNewPolicy test is Started
2024-02-08 12:02:409 INFO  CommonLocatorsAndMethod:389 - Clicked on Policy
2024-02-08 12:02:224 INFO  CommonLocatorsAndMethod:394 - Clicked on Add Policy
2024-02-08 12:02:755 INFO  CommonLocatorsAndMethod:403 - Clicked on Entity Grid
2024-02-08 12:02:63 INFO  CommonLocatorsAndMethod:408 - Select Entity
2024-02-08 12:02:373 INFO  CommonLocatorsAndMethod:412 - Clicked on Class Grid
2024-02-08 12:02:33 INFO  CommonLocatorsAndMethod:424 - Select Class - [[ChromeDriver: chrome on windows (76aa7ededf02e94ffac1f70a0cfa81b8)] -> xpath: //span[text()=' Offshore ']]
2024-02-08 12:02:948 INFO  CommonLocatorsAndMethod:424 - Select Class - [[ChromeDriver: chrome on windows (76aa7ededf02e94ffac1f70a0cfa81b8)] -> xpath: //span[text()=' Terrorism ']]
2024-02-08 12:02:921 INFO  CommonLocatorsAndMethod:433 - Clicked on Perils Grid
2024-02-08 12:02:728 INFO  CommonLocatorsAndMethod:440 - Enter Policy Reference : Policy_08022024_S01
2024-02-08 12:02:319 INFO  CommonLocatorsAndMethod:445 - Enter Assured : Assured_S01
2024-02-08 12:02:390 INFO  CommonLocatorsAndMethod:448 - Scroll till other field text
2024-02-08 12:02:928 INFO  CommonLocatorsAndMethod:453 - Clicked on Other Field
2024-02-08 12:02:546 INFO  CommonLocatorsAndMethod:460 - Clicked on Save
2024-02-08 12:02:63 INFO  CommonLocatorsAndMethod:465 - Clicked on Policy Navigation Link
2024-02-08 12:02:489 INFO  CommonLocatorsAndMethod:471 - Verify created Policy
2024-02-08 12:02:504 INFO  BaseClass:111 - createNewPolicy test is pass
2024-02-08 12:02:510 INFO  BaseClass:118 - createNewPolicy - is Finished.
2024-02-08 12:02:571 INFO  BaseClass:97 - addNewLimitGroup test is Started
2024-02-08 12:02:944 INFO  CommonLocatorsAndMethod:726 - Clicked on Terms Navigation
2024-02-08 12:02:784 INFO  CommonLocatorsAndMethod:731 - Clicked on Terms Edit
2024-02-08 12:02:513 INFO  CommonLocatorsAndMethod:736 - Clicked on Add Limit Group
2024-02-08 12:02:527 INFO  CommonLocatorsAndMethod:742 - Enter Limit Group Name : GNPolicyS01
2024-02-08 12:02:806 INFO  CommonLocatorsAndMethod:747 - Clicked on Add Rule Limit Group
2024-02-08 12:02:98 INFO  CommonLocatorsAndMethod:753 - Clicked on Country Name
2024-02-08 12:02:457 INFO  CommonLocatorsAndMethod:756 - Enter Country Name : Australia
2024-02-08 12:02:778 INFO  CommonLocatorsAndMethod:761 - Clicked on Preview Group
2024-02-08 12:02:195 INFO  CommonLocatorsAndMethod:766 - Clicked on Save Group
2024-02-08 12:02:822 INFO  CommonLocatorsAndMethod:771 - Clicked on Save Terms
2024-02-08 12:02:881 INFO  CommonLocatorsAndMethod:784 - Verify created Group Name
2024-02-08 12:02:887 INFO  BaseClass:111 - addNewLimitGroup test is pass
2024-02-08 12:02:889 INFO  BaseClass:118 - addNewLimitGroup - is Finished.
2024-02-08 12:02:986 INFO  BaseClass:97 - addNewLimit test is Started
2024-02-08 12:02:371 INFO  CommonLocatorsAndMethod:867 - Clicked on Edit Terms
2024-02-08 12:02:33 INFO  CommonLocatorsAndMethod:874 - Clicked on Add New Limit
2024-02-08 12:02:412 INFO  CommonLocatorsAndMethod:885 - Clicked on Save Terms
2024-02-08 12:02:808 INFO  BaseClass:111 - addNewLimit test is pass
2024-02-08 12:02:809 INFO  BaseClass:118 - addNewLimit - is Finished.
2024-02-08 12:02:848 INFO  BaseClass:97 - addCyberSchedule test is Started
2024-02-08 12:02:584 INFO  CommonLocatorsAndMethod:1065 - Clicked on Class Navigation
2024-02-08 12:02:311 INFO  CommonLocatorsAndMethod:1074 - Clicked on Edit Schedule
2024-02-08 12:02:899 INFO  CommonLocatorsAndMethod:1079 - Clicked on Add Bulk Schedule
2024-02-08 12:02:339 INFO  CommonLocatorsAndMethod:1088 - Enter Country Name : Australia
2024-02-08 12:02:580 INFO  CommonLocatorsAndMethod:1099 - Select Data 1
2024-02-08 12:02:724 INFO  CommonLocatorsAndMethod:1106 - Select Data 2
2024-02-08 12:02:277 INFO  CommonLocatorsAndMethod:1111 - Clicked on Apply (Schedule)
2024-02-08 12:02:801 INFO  CommonLocatorsAndMethod:1115 - Clicked on Close (Schedule)
2024-02-08 12:02:248 INFO  CommonLocatorsAndMethod:1118 - Clicked on Save (Schedule)
2024-02-08 12:02:191 INFO  CommonLocatorsAndMethod:1128 - Clicked on Edit Schedule Again
2024-02-08 12:02:757 INFO  CommonLocatorsAndMethod:1143 - Clicked on Save Schedule
2024-02-08 12:02:427 INFO  CommonLocatorsAndMethod:1152 - Clicked on Policy Navigation
2024-02-08 12:02:441 INFO  BaseClass:111 - addCyberSchedule test is pass
2024-02-08 12:02:442 INFO  BaseClass:118 - addCyberSchedule - is Finished.
2024-02-08 12:02:508 INFO  BaseClass:97 - addOffshoreSchedule test is Started
2024-02-08 12:02:832 INFO  CommonLocatorsAndMethod:1065 - Clicked on Class Navigation
2024-02-08 12:02:225 INFO  CommonLocatorsAndMethod:1074 - Clicked on Edit Schedule
2024-02-08 12:02:684 INFO  CommonLocatorsAndMethod:1079 - Clicked on Add Bulk Schedule
2024-02-08 12:02:965 INFO  CommonLocatorsAndMethod:1088 - Enter Country Name : Bangladesh
2024-02-08 12:02:166 INFO  CommonLocatorsAndMethod:1099 - Select Data 1
2024-02-08 12:02:294 INFO  CommonLocatorsAndMethod:1106 - Select Data 2
2024-02-08 12:02:758 INFO  CommonLocatorsAndMethod:1111 - Clicked on Apply (Schedule)
2024-02-08 12:02:148 INFO  CommonLocatorsAndMethod:1115 - Clicked on Close (Schedule)
2024-02-08 12:02:827 INFO  CommonLocatorsAndMethod:1118 - Clicked on Save (Schedule)
2024-02-08 12:02:597 INFO  CommonLocatorsAndMethod:1128 - Clicked on Edit Schedule Again
2024-02-08 12:02:67 INFO  CommonLocatorsAndMethod:1143 - Clicked on Save Schedule
2024-02-08 12:02:577 INFO  CommonLocatorsAndMethod:1152 - Clicked on Policy Navigation
2024-02-08 12:02:594 INFO  BaseClass:111 - addOffshoreSchedule test is pass
2024-02-08 12:02:595 INFO  BaseClass:118 - addOffshoreSchedule - is Finished.
2024-02-08 12:02:660 INFO  BaseClass:97 - addOffshoreRenewablesSchedule test is Started
2024-02-08 12:02:938 INFO  CommonLocatorsAndMethod:1065 - Clicked on Class Navigation
2024-02-08 12:02:260 INFO  CommonLocatorsAndMethod:1074 - Clicked on Edit Schedule
2024-02-08 12:02:731 INFO  CommonLocatorsAndMethod:1079 - Clicked on Add Bulk Schedule
2024-02-08 12:02:493 INFO  CommonLocatorsAndMethod:1088 - Enter Country Name : 
2024-02-08 12:02:725 INFO  CommonLocatorsAndMethod:1099 - Select Data 1
2024-02-08 12:02:866 INFO  CommonLocatorsAndMethod:1106 - Select Data 2
2024-02-08 12:02:519 INFO  CommonLocatorsAndMethod:1111 - Clicked on Apply (Schedule)
2024-02-08 12:02:510 INFO  CommonLocatorsAndMethod:1115 - Clicked on Close (Schedule)
2024-02-08 12:02:341 INFO  CommonLocatorsAndMethod:1118 - Clicked on Save (Schedule)
2024-02-08 12:02:98 INFO  CommonLocatorsAndMethod:1128 - Clicked on Edit Schedule Again
2024-02-08 12:02:527 INFO  CommonLocatorsAndMethod:1143 - Clicked on Save Schedule
2024-02-08 12:02:23 INFO  CommonLocatorsAndMethod:1152 - Clicked on Policy Navigation
2024-02-08 12:02:39 INFO  BaseClass:111 - addOffshoreRenewablesSchedule test is pass
2024-02-08 12:02:43 INFO  BaseClass:118 - addOffshoreRenewablesSchedule - is Finished.
2024-02-08 12:02:800 INFO  BaseClass:68 - chrome : is launched successfully
2024-02-08 12:02:524 INFO  BaseClass:90 - Enter URL : https://test-eh.ebixexchange.com/login
2024-02-08 12:02:844 INFO  BaseClass:97 - login test is Started
2024-02-08 12:02:653 INFO  LoginPage:94 - Enter Username : suneel.k
2024-02-08 12:02:55 INFO  LoginPage:100 - Enter Password : ebix@123
2024-02-08 12:02:292 INFO  LoginPage:105 - Clicked on Login
2024-02-08 12:02:326 INFO  BaseClass:111 - login test is pass
2024-02-08 12:02:327 INFO  BaseClass:118 - login - is Finished.
2024-02-08 12:02:458 INFO  BaseClass:97 - searchPolicy test is Started
2024-02-08 12:02:712 INFO  CommonLocatorsAndMethod:1391 - Clicked on Policy Link from Home Page
2024-02-08 12:02:966 INFO  CommonLocatorsAndMethod:1400 - Clicked on Search Input Box
2024-02-08 12:02:848 INFO  CommonLocatorsAndMethod:1405 - Enter Policy Number : Policy_08022024_S01
2024-02-08 12:02:43 INFO  CommonLocatorsAndMethod:1410 - Verify Searched Policy
2024-02-08 12:02:332 INFO  CommonLocatorsAndMethod:1569 - Clicked on Searched Policy Data
2024-02-08 12:02:659 INFO  CommonLocatorsAndMethod:1573 - Clicked on Policy Navigation
2024-02-08 12:02:690 INFO  BaseClass:111 - searchPolicy test is pass
2024-02-08 12:02:691 INFO  BaseClass:118 - searchPolicy - is Finished.
2024-02-08 12:02:856 INFO  BaseClass:97 - editPolicyDetails test is Started
2024-02-08 12:02:08 INFO  CommonLocatorsAndMethod:676 - Clicked on Policy Navigation
2024-02-08 12:02:75 INFO  CommonLocatorsAndMethod:680 - Scroll - Edit
2024-02-08 12:02:212 INFO  CommonLocatorsAndMethod:683 - Clicked on Edit
2024-02-08 12:02:260 INFO  CommonLocatorsAndMethod:687 - Scroll - Policy Reference
2024-02-08 12:02:331 INFO  CommonLocatorsAndMethod:692 - Enter Policy Reference : Policy_08022024_S01update
2024-02-08 12:02:465 INFO  CommonLocatorsAndMethod:698 - Enter Assured : Assured_S01update
2024-02-08 12:02:942 INFO  CommonLocatorsAndMethod:704 - Clicked on Save
2024-02-08 12:02:483 INFO  CommonLocatorsAndMethod:708 - Clicked on Policy Navigation Link
2024-02-08 12:02:539 INFO  CommonLocatorsAndMethod:713 - Verify created Policy
2024-02-08 12:02:546 INFO  BaseClass:111 - editPolicyDetails test is pass
2024-02-08 12:02:546 INFO  BaseClass:118 - editPolicyDetails - is Finished.
2024-02-08 12:02:597 INFO  BaseClass:97 - editLimitGroup test is Started
2024-02-08 12:02:850 INFO  CommonLocatorsAndMethod:798 - Clicked on Terms Navigation
2024-02-08 12:02:528 INFO  CommonLocatorsAndMethod:804 - Clicked on Terms Edit
2024-02-08 12:02:205 INFO  CommonLocatorsAndMethod:814 - Clicked on Edit Limit Group Name and Details
2024-02-08 12:02:131 INFO  CommonLocatorsAndMethod:820 - Enter Limit Group Name : GNPolicyS01update
2024-02-08 12:02:914 INFO  CommonLocatorsAndMethod:826 - Clicked on Country Name
2024-02-08 12:02:753 INFO  CommonLocatorsAndMethod:830 - Enter Country Name : Australia
2024-02-08 12:02:97 INFO  CommonLocatorsAndMethod:835 - Clicked on Preview Group
2024-02-08 12:02:592 INFO  CommonLocatorsAndMethod:840 - Clicked on Save Group
2024-02-08 12:02:414 INFO  CommonLocatorsAndMethod:845 - Clicked on Save Terms
2024-02-08 12:02:141 INFO  CommonLocatorsAndMethod:853 - Verify created Group Name
2024-02-08 12:02:147 INFO  BaseClass:111 - editLimitGroup test is pass
2024-02-08 12:02:152 INFO  BaseClass:118 - editLimitGroup - is Finished.
2024-02-08 12:02:213 INFO  BaseClass:97 - copyAndCreateNewLimitGroup test is Started
2024-02-08 12:02:484 INFO  CommonLocatorsAndMethod:2277 - Clicked on Terms Navigation
2024-02-08 12:02:297 INFO  CommonLocatorsAndMethod:2281 - Clicked on Edit Terms
2024-02-08 12:02:501 INFO  CommonLocatorsAndMethod:2293 - Clicked on Copy Group Name
2024-02-08 12:02:891 INFO  CommonLocatorsAndMethod:2298 - Clicked on Confirmation - Yes
2024-02-08 12:02:894 INFO  CommonLocatorsAndMethod:2310 - Clicked on Save Terms
2024-02-08 12:02:900 INFO  BaseClass:111 - copyAndCreateNewLimitGroup test is pass
2024-02-08 12:02:902 INFO  BaseClass:118 - copyAndCreateNewLimitGroup - is Finished.
2024-02-08 12:02:950 INFO  BaseClass:97 - copyAndCreateNewLimit test is Started
2024-02-08 12:02:329 INFO  CommonLocatorsAndMethod:2324 - Clicked on Terms Navigation
2024-02-08 12:02:665 INFO  CommonLocatorsAndMethod:2329 - Clicked on Edit Terms
2024-02-08 12:02:34 INFO  CommonLocatorsAndMethod:2341 - Clicked on Copy Limit
2024-02-08 12:02:507 INFO  CommonLocatorsAndMethod:2357 - Clicked on Save Terms
2024-02-08 12:02:511 INFO  BaseClass:111 - copyAndCreateNewLimit test is pass
2024-02-08 12:02:511 INFO  BaseClass:118 - copyAndCreateNewLimit - is Finished.
2024-02-08 12:02:561 INFO  BaseClass:97 - editCyberSchedule test is Started
2024-02-08 12:02:745 INFO  CommonLocatorsAndMethod:2419 - Clicked on Schedule Navigation
2024-02-08 12:02:88 INFO  CommonLocatorsAndMethod:2428 - Clicked on Edit Schedule
2024-02-08 12:02:352 INFO  CommonLocatorsAndMethod:2436 - Clicked on Row Action
2024-02-08 12:02:727 INFO  CommonLocatorsAndMethod:2441 - Clicked on Row Action - Edit
2024-02-08 12:02:289 INFO  CommonLocatorsAndMethod:2453 - Select Option Data : Assured Interest
2024-02-08 12:02:795 INFO  CommonLocatorsAndMethod:2458 - Option Input Data : 80
2024-02-08 12:02:357 INFO  CommonLocatorsAndMethod:2463 - Clicked on Preview
2024-02-08 12:02:768 INFO  CommonLocatorsAndMethod:2468 - Clicked on Save
2024-02-08 12:02:287 INFO  CommonLocatorsAndMethod:2473 - Clicked on Cancel
2024-02-08 12:02:392 INFO  CommonLocatorsAndMethod:2478 - Clicked on Save Terms
2024-02-08 12:02:630 INFO  BaseClass:111 - editCyberSchedule test is pass
2024-02-08 12:02:631 INFO  BaseClass:118 - editCyberSchedule - is Finished.
2024-02-08 12:02:683 INFO  BaseClass:97 - editOffshoreSchedule test is Started
2024-02-08 12:02:939 INFO  CommonLocatorsAndMethod:2419 - Clicked on Schedule Navigation
2024-02-08 12:02:400 INFO  CommonLocatorsAndMethod:2428 - Clicked on Edit Schedule
2024-02-08 12:02:752 INFO  CommonLocatorsAndMethod:2436 - Clicked on Row Action
2024-02-08 12:02:62 INFO  CommonLocatorsAndMethod:2441 - Clicked on Row Action - Edit
2024-02-08 12:02:465 INFO  CommonLocatorsAndMethod:2453 - Select Option Data : Assured Interest
2024-02-08 12:02:883 INFO  CommonLocatorsAndMethod:2458 - Option Input Data : 85
2024-02-08 12:02:431 INFO  CommonLocatorsAndMethod:2463 - Clicked on Preview
2024-02-08 12:02:830 INFO  CommonLocatorsAndMethod:2468 - Clicked on Save
2024-02-08 12:02:317 INFO  CommonLocatorsAndMethod:2473 - Clicked on Cancel
2024-02-08 12:02:188 INFO  CommonLocatorsAndMethod:2478 - Clicked on Save Terms
2024-02-08 12:02:406 INFO  BaseClass:111 - editOffshoreSchedule test is pass
2024-02-08 12:02:407 INFO  BaseClass:118 - editOffshoreSchedule - is Finished.
2024-02-08 12:02:460 INFO  BaseClass:97 - editOffshoreRenewablesSchedule test is Started
2024-02-08 12:02:705 INFO  CommonLocatorsAndMethod:2419 - Clicked on Schedule Navigation
2024-02-08 12:02:77 INFO  CommonLocatorsAndMethod:2428 - Clicked on Edit Schedule
2024-02-08 12:02:374 INFO  CommonLocatorsAndMethod:2436 - Clicked on Row Action
2024-02-08 12:02:701 INFO  CommonLocatorsAndMethod:2441 - Clicked on Row Action - Edit
2024-02-08 12:02:84 INFO  CommonLocatorsAndMethod:2453 - Select Option Data : Assured Interest
2024-02-08 12:02:495 INFO  CommonLocatorsAndMethod:2458 - Option Input Data : 95
2024-02-08 12:02:41 INFO  CommonLocatorsAndMethod:2463 - Clicked on Preview
2024-02-08 12:02:405 INFO  CommonLocatorsAndMethod:2468 - Clicked on Save
2024-02-08 12:02:914 INFO  CommonLocatorsAndMethod:2473 - Clicked on Cancel
2024-02-08 12:02:162 INFO  CommonLocatorsAndMethod:2478 - Clicked on Save Terms
2024-02-08 12:02:383 INFO  BaseClass:111 - editOffshoreRenewablesSchedule test is pass
2024-02-08 12:02:384 INFO  BaseClass:118 - editOffshoreRenewablesSchedule - is Finished.
2024-02-08 12:02:435 INFO  BaseClass:97 - viewPointDataOnMap test is Started
2024-02-08 12:02:685 INFO  CommonLocatorsAndMethod:1308 - Clicked on Map Navigation
2024-02-08 12:02:700 INFO  BaseClass:111 - viewPointDataOnMap test is pass
2024-02-08 12:02:701 INFO  BaseClass:118 - viewPointDataOnMap - is Finished.
2024-02-08 12:02:97 INFO  BaseClass:68 - chrome : is launched successfully
2024-02-08 12:02:880 INFO  BaseClass:90 - Enter URL : https://test-eh.ebixexchange.com/login
2024-02-08 12:02:195 INFO  BaseClass:97 - login test is Started
2024-02-08 12:02:232 INFO  LoginPage:94 - Enter Username : suneel.k
2024-02-08 12:02:628 INFO  LoginPage:100 - Enter Password : ebix@123
2024-02-08 12:02:841 INFO  LoginPage:105 - Clicked on Login
2024-02-08 12:02:107 INFO  BaseClass:111 - login test is pass
2024-02-08 12:02:107 INFO  BaseClass:118 - login - is Finished.
2024-02-08 12:02:153 INFO  BaseClass:97 - searchPolicy test is Started
2024-02-08 12:02:344 INFO  CommonLocatorsAndMethod:1391 - Clicked on Policy Link from Home Page
2024-02-08 12:02:316 INFO  CommonLocatorsAndMethod:1400 - Clicked on Search Input Box
2024-02-08 12:02:263 INFO  CommonLocatorsAndMethod:1405 - Enter Policy Number : Policy_08022024_S01update
2024-02-08 12:02:455 INFO  CommonLocatorsAndMethod:1410 - Verify Searched Policy
2024-02-08 12:02:743 INFO  CommonLocatorsAndMethod:1569 - Clicked on Searched Policy Data
2024-02-08 12:02:348 INFO  CommonLocatorsAndMethod:1573 - Clicked on Policy Navigation
2024-02-08 12:02:359 INFO  BaseClass:111 - searchPolicy test is pass
2024-02-08 12:02:361 INFO  BaseClass:118 - searchPolicy - is Finished.
2024-02-08 12:02:570 INFO  BaseClass:97 - scheduleCyber test is Started
2024-02-08 12:02:872 INFO  S04quickNavigationPage:46 - Clicked on Schedule 1
2024-02-08 12:02:896 INFO  BaseClass:111 - scheduleCyber test is pass
2024-02-08 12:02:897 INFO  BaseClass:118 - scheduleCyber - is Finished.
2024-02-08 12:02:923 INFO  BaseClass:97 - scheduleOffshore test is Started
2024-02-08 12:02:146 INFO  S04quickNavigationPage:56 - Clicked on Schedule 2
2024-02-08 12:02:159 INFO  BaseClass:111 - scheduleOffshore test is pass
2024-02-08 12:02:160 INFO  BaseClass:118 - scheduleOffshore - is Finished.
2024-02-08 12:02:185 INFO  BaseClass:97 - scheduleOffshoreRenewables test is Started
2024-02-08 12:02:411 INFO  S04quickNavigationPage:66 - Clicked on Schedule 3
2024-02-08 12:02:430 INFO  BaseClass:111 - scheduleOffshoreRenewables test is pass
2024-02-08 12:02:432 INFO  BaseClass:118 - scheduleOffshoreRenewables - is Finished.
2024-02-08 12:02:468 INFO  BaseClass:97 - clickOnMap test is Started
2024-02-08 12:02:783 INFO  S04quickNavigationPage:76 - Clicked on Map Navigation
2024-02-08 12:02:794 INFO  BaseClass:111 - clickOnMap test is pass
2024-02-08 12:02:795 INFO  BaseClass:118 - clickOnMap - is Finished.
2024-02-08 12:02:815 INFO  BaseClass:97 - clickOnReport test is Started
2024-02-08 12:02:155 INFO  S04quickNavigationPage:85 - Clicked on Report Navigation
2024-02-08 12:02:159 INFO  BaseClass:111 - clickOnReport test is pass
2024-02-08 12:02:161 INFO  BaseClass:118 - clickOnReport - is Finished.
2024-02-08 12:02:181 INFO  BaseClass:97 - clickOnResult test is Started
2024-02-08 12:02:876 INFO  S04quickNavigationPage:94 - Clicked on Result Navigation
2024-02-08 12:02:896 INFO  BaseClass:111 - clickOnResult test is pass
2024-02-08 12:02:897 INFO  BaseClass:118 - clickOnResult - is Finished.
2024-02-08 12:02:291 INFO  BaseClass:68 - chrome : is launched successfully
2024-02-08 12:02:970 INFO  BaseClass:90 - Enter URL : https://test-eh.ebixexchange.com/login
2024-02-08 12:02:262 INFO  BaseClass:97 - login test is Started
2024-02-08 12:02:85 INFO  LoginPage:94 - Enter Username : suneel.k
2024-02-08 12:02:432 INFO  LoginPage:100 - Enter Password : ebix@123
2024-02-08 12:02:636 INFO  LoginPage:105 - Clicked on Login
2024-02-08 12:02:101 INFO  BaseClass:111 - login test is pass
2024-02-08 12:02:102 INFO  BaseClass:118 - login - is Finished.
2024-02-08 12:02:148 INFO  BaseClass:97 - searchReportAndOpen test is Started
2024-02-08 12:02:437 INFO  CommonLocatorsAndMethod:1424 - Clicked on Report Link from Home Page
2024-02-08 12:02:870 INFO  CommonLocatorsAndMethod:1433 - Clicked on Search Input Box
2024-02-08 12:02:185 INFO  CommonLocatorsAndMethod:1588 - Clicked on Searched Report Data
2024-02-08 12:02:101 INFO  CommonLocatorsAndMethod:1593 - Clicked on Policy Navigation
2024-02-08 12:02:120 INFO  BaseClass:111 - searchReportAndOpen test is pass
2024-02-08 12:02:120 INFO  BaseClass:118 - searchReportAndOpen - is Finished.
2024-02-08 12:02:232 INFO  BaseClass:97 - mimReport test is Started
2024-02-08 12:02:553 INFO  S05mimPage:40 - Clicked on Policy Navigation
2024-02-08 12:02:576 INFO  S05mimPage:45 - Clicked on Policy Data
2024-02-08 12:02:594 INFO  S05mimPage:48 - Moved to Policy Module
2024-02-08 12:02:906 INFO  S05mimPage:50 - Moved to Back 
2024-02-08 12:02:913 INFO  BaseClass:111 - mimReport test is pass
2024-02-08 12:02:916 INFO  BaseClass:118 - mimReport - is Finished.
2024-02-08 12:02:961 INFO  BaseClass:97 - mimResult test is Started
2024-02-08 12:02:330 INFO  S05mimPage:61 - Clicked on Result Navigation
2024-02-08 12:02:425 INFO  BaseClass:111 - mimResult test is pass
2024-02-08 12:02:426 INFO  BaseClass:118 - mimResult - is Finished.
2024-02-08 12:02:27 INFO  BaseClass:68 - chrome : is launched successfully
2024-02-08 12:02:950 INFO  BaseClass:90 - Enter URL : https://test-eh.ebixexchange.com/login
2024-02-08 12:02:283 INFO  BaseClass:97 - login test is Started
2024-02-08 12:02:172 INFO  LoginPage:94 - Enter Username : suneel.k
2024-02-08 12:02:638 INFO  LoginPage:100 - Enter Password : ebix@123
2024-02-08 12:02:808 INFO  LoginPage:105 - Clicked on Login
2024-02-08 12:02:787 INFO  BaseClass:111 - login test is pass
2024-02-08 12:02:787 INFO  BaseClass:118 - login - is Finished.
2024-02-08 12:02:836 INFO  BaseClass:97 - createNewPolicy test is Started
2024-02-08 12:02:322 INFO  CommonLocatorsAndMethod:485 - Clicked on Policy
2024-02-08 12:02:327 INFO  CommonLocatorsAndMethod:491 - Clicked on Add Policy
2024-02-08 12:02:06 INFO  CommonLocatorsAndMethod:501 - Clicked on Entity Grid
2024-02-08 12:02:302 INFO  CommonLocatorsAndMethod:507 - Select Entity
2024-02-08 12:02:590 INFO  CommonLocatorsAndMethod:512 - Clicked on Class Grid
2024-02-08 12:02:219 INFO  CommonLocatorsAndMethod:524 - Select Class - [[ChromeDriver: chrome on windows (81133b9091eb66641c8747727f3f015f)] -> xpath: //span[text()=' Property ']]
2024-02-08 12:02:832 INFO  CommonLocatorsAndMethod:524 - Select Class - [[ChromeDriver: chrome on windows (81133b9091eb66641c8747727f3f015f)] -> xpath: //span[text()=' Property ']]
2024-02-08 12:02:288 INFO  CommonLocatorsAndMethod:533 - Clicked on Perils Grid
2024-02-08 12:02:453 INFO  CommonLocatorsAndMethod:540 - Enter Policy Reference : Policy_08022024_S06
2024-02-08 12:02:331 INFO  CommonLocatorsAndMethod:547 - Enter Assured : Assured_S06
2024-02-08 12:02:602 INFO  CommonLocatorsAndMethod:550 - Scroll till other field text
2024-02-08 12:02:190 INFO  CommonLocatorsAndMethod:556 - Clicked on Other Field
2024-02-08 12:02:624 INFO  CommonLocatorsAndMethod:562 - Clicked on Coverage Rule
2024-02-08 12:02:323 INFO  CommonLocatorsAndMethod:569 - Clicked on Save
2024-02-08 12:02:731 INFO  CommonLocatorsAndMethod:573 - Clicked on Policy Navigation Link
2024-02-08 12:02:270 INFO  CommonLocatorsAndMethod:579 - Verify created Policy
2024-02-08 12:02:279 INFO  BaseClass:111 - createNewPolicy test is pass
2024-02-08 12:02:280 INFO  BaseClass:118 - createNewPolicy - is Finished.
2024-02-08 12:02:324 INFO  BaseClass:97 - addNewLimitGroup test is Started
2024-02-08 12:02:648 INFO  CommonLocatorsAndMethod:726 - Clicked on Terms Navigation
2024-02-08 12:02:446 INFO  CommonLocatorsAndMethod:731 - Clicked on Terms Edit
2024-02-08 12:02:173 INFO  CommonLocatorsAndMethod:736 - Clicked on Add Limit Group
2024-02-08 12:02:144 INFO  CommonLocatorsAndMethod:742 - Enter Limit Group Name : GNPolicyS06
2024-02-08 12:02:471 INFO  CommonLocatorsAndMethod:747 - Clicked on Add Rule Limit Group
2024-02-08 12:02:793 INFO  CommonLocatorsAndMethod:753 - Clicked on Country Name
2024-02-08 12:02:221 INFO  CommonLocatorsAndMethod:756 - Enter Country Name : United States
2024-02-08 12:02:538 INFO  CommonLocatorsAndMethod:761 - Clicked on Preview Group
2024-02-08 12:02:831 INFO  CommonLocatorsAndMethod:766 - Clicked on Save Group
2024-02-08 12:02:824 INFO  CommonLocatorsAndMethod:771 - Clicked on Save Terms
2024-02-08 12:02:814 INFO  CommonLocatorsAndMethod:784 - Verify created Group Name
2024-02-08 12:02:822 INFO  BaseClass:111 - addNewLimitGroup test is pass
2024-02-08 12:02:823 INFO  BaseClass:118 - addNewLimitGroup - is Finished.
2024-02-08 12:02:886 INFO  BaseClass:97 - addNewLimit test is Started
2024-02-08 12:02:117 INFO  CommonLocatorsAndMethod:867 - Clicked on Edit Terms
2024-02-08 12:02:580 INFO  CommonLocatorsAndMethod:874 - Clicked on Add New Limit
2024-02-08 12:02:57 INFO  CommonLocatorsAndMethod:885 - Clicked on Save Terms
2024-02-08 12:02:360 INFO  BaseClass:111 - addNewLimit test is pass
2024-02-08 12:02:361 INFO  BaseClass:118 - addNewLimit - is Finished.
2024-02-08 12:02:387 INFO  BaseClass:97 - addCoverage test is Started
2024-02-08 12:02:134 INFO  CommonLocatorsAndMethod:900 - Clicked on Coverage Navigation
2024-02-08 12:02:864 INFO  CommonLocatorsAndMethod:907 - Clicked on Coverage Edit
2024-02-08 12:02:360 INFO  CommonLocatorsAndMethod:912 - Clicked on Add Coverage Group
2024-02-08 12:02:210 INFO  CommonLocatorsAndMethod:918 - Enter Coverage Name : CoverageS06
2024-02-08 12:02:580 INFO  CommonLocatorsAndMethod:925 - Clicked on Add Rule Coverage
2024-02-08 12:02:856 INFO  CommonLocatorsAndMethod:931 - Clicked on Country Name
2024-02-08 12:02:326 INFO  CommonLocatorsAndMethod:934 - Enter Country Name : United States
2024-02-08 12:02:594 INFO  CommonLocatorsAndMethod:940 - Clicked on Preview Group
2024-02-08 12:02:934 INFO  CommonLocatorsAndMethod:946 - Clicked on Save Coverage
2024-02-08 12:02:185 INFO  CommonLocatorsAndMethod:954 - Clicked on Cancel Coverage
2024-02-08 12:02:389 INFO  CommonLocatorsAndMethod:963 - Verify created Coverage Name
2024-02-08 12:02:516 INFO  BaseClass:111 - addCoverage test is pass
2024-02-08 12:02:517 INFO  BaseClass:118 - addCoverage - is Finished.
2024-02-08 12:02:555 INFO  BaseClass:97 - importOnshoreSchedule test is Started
2024-02-08 12:02:844 INFO  CommonLocatorsAndMethod:2644 - Clicked on Class Navigation
2024-02-08 12:02:215 INFO  CommonLocatorsAndMethod:2654 - Clicked on Edit Schedule
2024-02-08 12:02:572 INFO  CommonLocatorsAndMethod:2667 - Clicked on Import Button
2024-02-08 12:02:706 INFO  CommonLocatorsAndMethod:2670 - File Uploaded : \src\test\resources\importData\Onshore_100_Rows.xls
2024-02-08 12:02:40 INFO  CommonLocatorsAndMethod:2679 - Clicked on Geocoding
2024-02-08 12:02:201 INFO  CommonLocatorsAndMethod:2688 - Select Geocoding - Yes
2024-02-08 12:02:537 INFO  CommonLocatorsAndMethod:2703 - Clicked on Continue
2024-02-08 12:02:711 INFO  CommonLocatorsAndMethod:2709 - Clicked on Import
2024-02-08 12:02:969 INFO  CommonLocatorsAndMethod:2715 - Clicked on Refresh
2024-02-08 12:02:328 INFO  CommonLocatorsAndMethod:2722 - Clicked on Finish
2024-02-08 12:02:584 INFO  CommonLocatorsAndMethod:2730 - Clicked on Confirmation - Yes
2024-02-08 12:02:906 INFO  CommonLocatorsAndMethod:2739 - Clicked on Schedule Navigation
2024-02-08 12:02:236 INFO  BaseClass:111 - importOnshoreSchedule test is pass
2024-02-08 12:02:237 INFO  BaseClass:118 - importOnshoreSchedule - is Finished.
2024-02-08 12:02:838 INFO  BaseClass:68 - chrome : is launched successfully
2024-02-08 12:02:409 INFO  BaseClass:90 - Enter URL : https://test-eh.ebixexchange.com/login
2024-02-08 12:02:82 INFO  BaseClass:97 - login test is Started
2024-02-08 12:02:786 INFO  LoginPage:94 - Enter Username : suneel.k
2024-02-08 12:02:171 INFO  LoginPage:100 - Enter Password : ebix@123
2024-02-08 12:02:545 INFO  LoginPage:105 - Clicked on Login
2024-02-08 12:02:133 INFO  BaseClass:111 - login test is pass
2024-02-08 12:02:133 INFO  BaseClass:118 - login - is Finished.
2024-02-08 12:02:168 INFO  BaseClass:97 - createNewPolicy test is Started
2024-02-08 12:02:459 INFO  CommonLocatorsAndMethod:485 - Clicked on Policy
2024-02-08 12:02:71 INFO  CommonLocatorsAndMethod:491 - Clicked on Add Policy
2024-02-08 12:02:169 INFO  CommonLocatorsAndMethod:501 - Clicked on Entity Grid
2024-02-08 12:02:562 INFO  CommonLocatorsAndMethod:507 - Select Entity
2024-02-08 12:02:14 INFO  CommonLocatorsAndMethod:512 - Clicked on Class Grid
2024-02-08 12:02:649 INFO  CommonLocatorsAndMethod:524 - Select Class - [[ChromeDriver: chrome on windows (6f03bfdf07269be6d276c108311da6d7)] -> xpath: //span[text()=' Offshore ']]
2024-02-08 12:02:210 INFO  CommonLocatorsAndMethod:533 - Clicked on Perils Grid
2024-02-08 12:02:833 INFO  CommonLocatorsAndMethod:540 - Enter Policy Reference : Policy_08022024_S07
2024-02-08 12:02:567 INFO  CommonLocatorsAndMethod:547 - Enter Assured : Assured_S07
2024-02-08 12:02:685 INFO  CommonLocatorsAndMethod:550 - Scroll till other field text
2024-02-08 12:02:348 INFO  CommonLocatorsAndMethod:556 - Clicked on Other Field
2024-02-08 12:02:26 INFO  CommonLocatorsAndMethod:562 - Clicked on Coverage Rule
2024-02-08 12:02:743 INFO  CommonLocatorsAndMethod:569 - Clicked on Save
2024-02-08 12:02:116 INFO  CommonLocatorsAndMethod:573 - Clicked on Policy Navigation Link
2024-02-08 12:02:20 INFO  CommonLocatorsAndMethod:579 - Verify created Policy
2024-02-08 12:02:23 INFO  BaseClass:111 - createNewPolicy test is pass
2024-02-08 12:02:24 INFO  BaseClass:118 - createNewPolicy - is Finished.
2024-02-08 12:02:87 INFO  BaseClass:97 - addNewLimitGroup test is Started
2024-02-08 12:02:694 INFO  CommonLocatorsAndMethod:726 - Clicked on Terms Navigation
2024-02-08 12:02:388 INFO  CommonLocatorsAndMethod:731 - Clicked on Terms Edit
2024-02-08 12:02:64 INFO  CommonLocatorsAndMethod:736 - Clicked on Add Limit Group
2024-02-08 12:02:999 INFO  CommonLocatorsAndMethod:742 - Enter Limit Group Name : GNPolicyS07
2024-02-08 12:02:216 INFO  CommonLocatorsAndMethod:747 - Clicked on Add Rule Limit Group
2024-02-08 12:02:493 INFO  CommonLocatorsAndMethod:753 - Clicked on Country Name
2024-02-08 12:02:985 INFO  CommonLocatorsAndMethod:756 - Enter Country Name : United States
2024-02-08 12:02:290 INFO  CommonLocatorsAndMethod:761 - Clicked on Preview Group
2024-02-08 12:02:979 INFO  CommonLocatorsAndMethod:766 - Clicked on Save Group
2024-02-08 12:02:608 INFO  CommonLocatorsAndMethod:771 - Clicked on Save Terms
2024-02-08 12:02:958 INFO  CommonLocatorsAndMethod:784 - Verify created Group Name
2024-02-08 12:02:972 INFO  BaseClass:111 - addNewLimitGroup test is pass
2024-02-08 12:02:973 INFO  BaseClass:118 - addNewLimitGroup - is Finished.
2024-02-08 12:02:23 INFO  BaseClass:97 - addNewLimit test is Started
2024-02-08 12:02:231 INFO  CommonLocatorsAndMethod:867 - Clicked on Edit Terms
2024-02-08 12:02:697 INFO  CommonLocatorsAndMethod:874 - Clicked on Add New Limit
2024-02-08 12:02:168 INFO  CommonLocatorsAndMethod:885 - Clicked on Save Terms
2024-02-08 12:02:795 INFO  BaseClass:111 - addNewLimit test is pass
2024-02-08 12:02:796 INFO  BaseClass:118 - addNewLimit - is Finished.
2024-02-08 12:02:817 INFO  BaseClass:97 - addCoverage test is Started
2024-02-08 12:02:166 INFO  CommonLocatorsAndMethod:900 - Clicked on Coverage Navigation
2024-02-08 12:02:749 INFO  CommonLocatorsAndMethod:907 - Clicked on Coverage Edit
2024-02-08 12:02:429 INFO  CommonLocatorsAndMethod:912 - Clicked on Add Coverage Group
2024-02-08 12:02:322 INFO  CommonLocatorsAndMethod:918 - Enter Coverage Name : CoverageS07
2024-02-08 12:02:698 INFO  CommonLocatorsAndMethod:925 - Clicked on Add Rule Coverage
2024-02-08 12:02:914 INFO  CommonLocatorsAndMethod:931 - Clicked on Country Name
2024-02-08 12:02:410 INFO  CommonLocatorsAndMethod:934 - Enter Country Name : United States
2024-02-08 12:02:699 INFO  CommonLocatorsAndMethod:940 - Clicked on Preview Group
2024-02-08 12:02:997 INFO  CommonLocatorsAndMethod:946 - Clicked on Save Coverage
2024-02-08 12:02:256 INFO  CommonLocatorsAndMethod:954 - Clicked on Cancel Coverage
2024-02-08 12:02:445 INFO  CommonLocatorsAndMethod:963 - Verify created Coverage Name
2024-02-08 12:02:587 INFO  BaseClass:111 - addCoverage test is pass
2024-02-08 12:02:588 INFO  BaseClass:118 - addCoverage - is Finished.
2024-02-08 12:02:639 INFO  BaseClass:97 - importOffshoreSchedule test is Started
2024-02-08 12:02:951 INFO  CommonLocatorsAndMethod:2644 - Clicked on Class Navigation
2024-02-08 12:02:247 INFO  CommonLocatorsAndMethod:2654 - Clicked on Edit Schedule
2024-02-08 12:02:949 INFO  CommonLocatorsAndMethod:2667 - Clicked on Import Button
2024-02-08 12:02:86 INFO  CommonLocatorsAndMethod:2670 - File Uploaded : \src\test\resources\importData\Offshore_1000_Rows.xls
2024-02-08 12:02:312 INFO  CommonLocatorsAndMethod:2703 - Clicked on Continue
2024-02-08 12:02:481 INFO  CommonLocatorsAndMethod:2709 - Clicked on Import
2024-02-08 12:02:716 INFO  CommonLocatorsAndMethod:2715 - Clicked on Refresh
2024-02-08 12:02:868 INFO  CommonLocatorsAndMethod:2722 - Clicked on Finish
2024-02-08 12:02:306 INFO  CommonLocatorsAndMethod:2730 - Clicked on Confirmation - Yes
2024-02-08 12:02:569 INFO  CommonLocatorsAndMethod:2739 - Clicked on Schedule Navigation
2024-02-08 12:02:983 INFO  BaseClass:111 - importOffshoreSchedule test is pass
2024-02-08 12:02:983 INFO  BaseClass:118 - importOffshoreSchedule - is Finished.
2024-02-08 12:02:960 INFO  BaseClass:68 - chrome : is launched successfully
2024-02-08 12:02:501 INFO  BaseClass:90 - Enter URL : https://test-eh.ebixexchange.com/login
2024-02-08 12:02:802 INFO  BaseClass:97 - login test is Started
2024-02-08 12:02:564 INFO  LoginPage:94 - Enter Username : user2b
2024-02-08 12:02:914 INFO  LoginPage:100 - Enter Password : Ebix@123
2024-02-08 12:02:161 INFO  LoginPage:105 - Clicked on Login
2024-02-08 12:02:383 INFO  BaseClass:111 - login test is pass
2024-02-08 12:02:383 INFO  BaseClass:118 - login - is Finished.
2024-02-08 12:02:434 INFO  BaseClass:97 - quickQuote test is Started
2024-02-08 12:02:577 INFO  CommonLocatorsAndMethod:3805 - Click on Policy From Home Page
2024-02-08 12:02:709 INFO  CommonLocatorsAndMethod:3810 - Clicked on Quick Quote Button
2024-02-08 12:02:915 INFO  CommonLocatorsAndMethod:3814 - Clicked on Search Button
2024-02-08 12:02:136 INFO  CommonLocatorsAndMethod:3820 - Enter County Data : 
2024-02-08 12:02:478 INFO  CommonLocatorsAndMethod:3826 - Select Schedule Dataa
2024-02-08 12:02:480 INFO  BaseClass:111 - quickQuote test is pass
2024-02-08 12:02:481 INFO  BaseClass:118 - quickQuote - is Finished.
2024-02-08 12:02:768 INFO  BaseClass:68 - chrome : is launched successfully
2024-02-08 12:02:464 INFO  BaseClass:90 - Enter URL : https://test-eh.ebixexchange.com/login
2024-02-08 12:02:784 INFO  BaseClass:97 - login test is Started
2024-02-08 12:02:464 INFO  LoginPage:94 - Enter Username : suneel.k
2024-02-08 12:02:836 INFO  LoginPage:100 - Enter Password : ebix@123
2024-02-08 12:02:83 INFO  LoginPage:105 - Clicked on Login
2024-02-08 12:02:691 INFO  BaseClass:111 - login test is pass
2024-02-08 12:02:691 INFO  BaseClass:118 - login - is Finished.
2024-02-08 12:02:734 INFO  BaseClass:97 - searchPolicy test is Started
2024-02-08 12:02:927 INFO  CommonLocatorsAndMethod:1391 - Clicked on Policy Link from Home Page
2024-02-08 12:02:444 INFO  CommonLocatorsAndMethod:1400 - Clicked on Search Input Box
2024-02-08 12:02:418 INFO  CommonLocatorsAndMethod:1405 - Enter Policy Number : Policy_08022024_S01update
2024-02-08 12:02:544 INFO  CommonLocatorsAndMethod:1410 - Verify Searched Policy
2024-02-08 12:02:718 INFO  CommonLocatorsAndMethod:1569 - Clicked on Searched Policy Data
2024-02-08 12:02:748 INFO  CommonLocatorsAndMethod:1573 - Clicked on Policy Navigation
2024-02-08 12:02:762 INFO  BaseClass:111 - searchPolicy test is pass
2024-02-08 12:02:763 INFO  BaseClass:118 - searchPolicy - is Finished.
2024-02-08 12:02:818 INFO  BaseClass:97 - deletLimit test is Started
2024-02-08 12:02:105 INFO  CommonLocatorsAndMethod:1623 - Clicked on Edit Terms
2024-02-08 12:02:882 INFO  CommonLocatorsAndMethod:1631 - Clicked on Delete Limit
2024-02-08 12:02:326 INFO  CommonLocatorsAndMethod:1636 - Clicked on Delete Confirmation - Yes
2024-02-08 12:02:85 INFO  CommonLocatorsAndMethod:1649 - Clicked on Terms Navigation
2024-02-08 12:02:98 INFO  BaseClass:111 - deletLimit test is pass
2024-02-08 12:02:99 INFO  BaseClass:118 - deletLimit - is Finished.
2024-02-08 12:02:159 INFO  BaseClass:97 - deleteLimitGroup test is Started
2024-02-08 12:02:402 INFO  BaseClass:111 - deleteLimitGroup test is pass
2024-02-08 12:02:405 INFO  BaseClass:118 - deleteLimitGroup - is Finished.
2024-02-08 12:02:453 INFO  BaseClass:97 - deleteScheduleCyber test is Started
2024-02-08 12:02:723 INFO  CommonLocatorsAndMethod:1756 - Clicked on Schedule Navigation
2024-02-08 12:02:445 INFO  CommonLocatorsAndMethod:1776 - Clicked on Edit Schedule
2024-02-08 12:02:931 INFO  CommonLocatorsAndMethod:1803 - Clicked on Row Action
2024-02-08 12:02:363 INFO  CommonLocatorsAndMethod:1811 - Clicked on Option Delete
2024-02-08 12:02:622 INFO  CommonLocatorsAndMethod:1819 - Clicked on Confirmation - Yes
2024-02-08 12:02:367 INFO  CommonLocatorsAndMethod:1850 - Clicked on Save Schedule
2024-02-08 12:02:369 INFO  BaseClass:111 - deleteScheduleCyber test is pass
2024-02-08 12:02:370 INFO  BaseClass:118 - deleteScheduleCyber - is Finished.
2024-02-08 12:02:411 INFO  BaseClass:97 - deleteScheduleOffshore test is Started
2024-02-08 12:02:717 INFO  CommonLocatorsAndMethod:1756 - Clicked on Schedule Navigation
2024-02-08 12:02:429 INFO  CommonLocatorsAndMethod:1776 - Clicked on Edit Schedule
2024-02-08 12:02:247 INFO  CommonLocatorsAndMethod:1803 - Clicked on Row Action
2024-02-08 12:02:694 INFO  CommonLocatorsAndMethod:1811 - Clicked on Option Delete
2024-02-08 12:02:958 INFO  CommonLocatorsAndMethod:1819 - Clicked on Confirmation - Yes
2024-02-08 12:02:284 INFO  CommonLocatorsAndMethod:1850 - Clicked on Save Schedule
2024-02-08 12:02:297 INFO  BaseClass:111 - deleteScheduleOffshore test is pass
2024-02-08 12:02:298 INFO  BaseClass:118 - deleteScheduleOffshore - is Finished.
2024-02-08 12:02:345 INFO  BaseClass:97 - deleteScheduleOffshoreRenewables test is Started
2024-02-08 12:02:565 INFO  CommonLocatorsAndMethod:1756 - Clicked on Schedule Navigation
2024-02-08 12:02:213 INFO  CommonLocatorsAndMethod:1776 - Clicked on Edit Schedule
2024-02-08 12:02:644 INFO  CommonLocatorsAndMethod:1803 - Clicked on Row Action
2024-02-08 12:02:103 INFO  CommonLocatorsAndMethod:1811 - Clicked on Option Delete
2024-02-08 12:02:352 INFO  CommonLocatorsAndMethod:1819 - Clicked on Confirmation - Yes
2024-02-08 12:02:162 INFO  CommonLocatorsAndMethod:1850 - Clicked on Save Schedule
2024-02-08 12:02:173 INFO  BaseClass:111 - deleteScheduleOffshoreRenewables test is pass
2024-02-08 12:02:173 INFO  BaseClass:118 - deleteScheduleOffshoreRenewables - is Finished.
2024-02-08 12:02:272 INFO  BaseClass:97 - deletePolicy test is Started
2024-02-08 12:02:541 INFO  CommonLocatorsAndMethod:1455 - Clicked on Hub Navigation
2024-02-08 12:02:877 INFO  CommonLocatorsAndMethod:1466 - Enter Policy Number : Policy_08022024_S01update
2024-02-08 12:02:978 INFO  CommonLocatorsAndMethod:1471 - Verify Policy Number Searched Data
2024-02-08 12:02:206 INFO  CommonLocatorsAndMethod:1709 - Clicked on Row Action Button
2024-02-08 12:02:445 INFO  CommonLocatorsAndMethod:1714 - Clicked on Delete Button
2024-02-08 12:02:708 INFO  CommonLocatorsAndMethod:1720 - Delete Confirmation - Yes
2024-02-08 12:02:892 INFO  CommonLocatorsAndMethod:1725 - Clicked on Hub Navigation
2024-02-08 12:02:109 INFO  CommonLocatorsAndMethod:1729 - Clicked on Refresh Button - Policy
2024-02-08 12:02:331 INFO  CommonLocatorsAndMethod:1733 - Clicked on Search Policy
2024-02-08 12:02:860 INFO  CommonLocatorsAndMethod:1739 - Eneter Deleted Policy Number : Policy_08022024_S01update
2024-02-08 12:02:879 INFO  BaseClass:111 - deletePolicy test is pass
2024-02-08 12:02:879 INFO  BaseClass:118 - deletePolicy - is Finished.
