2024-02-02 17:02:202 INFO  BaseClass:69 - chrome : is launched successfully
2024-02-02 17:02:210 INFO  BaseClass:69 - chrome : is launched successfully
2024-02-02 17:02:744 INFO  BaseClass:89 - Enter URL : https://test-v2-eh.ebixexchange.com/login
2024-02-02 17:02:404 INFO  BaseClass:89 - Enter URL : https://test-v2-eh.ebixexchange.com/login
2024-02-02 17:02:497 INFO  BaseClass:96 - verifyLoginURL test is Started
2024-02-02 17:02:678 INFO  LoginPage:63 - Verify URL
2024-02-02 17:02:779 INFO  BaseClass:110 - verifyLoginURL test is pass
2024-02-02 17:02:784 INFO  BaseClass:117 - verifyLoginURL - is Finished.
2024-02-02 17:02:186 INFO  BaseClass:96 - login test is Started
2024-02-02 17:02:127 INFO  BaseClass:96 - verifyLoginPageTitle test is Started
2024-02-02 17:02:133 INFO  LoginPage:68 - Verify login page Title
2024-02-02 17:02:243 INFO  BaseClass:110 - verifyLoginPageTitle test is pass
2024-02-02 17:02:245 INFO  BaseClass:117 - verifyLoginPageTitle - is Finished.
2024-02-02 17:02:274 INFO  BaseClass:96 - verifyLogoImage test is Started
2024-02-02 17:02:279 INFO  LoginPage:73 - Verify Logo
2024-02-02 17:02:520 INFO  LoginPage:103 - Enter Username : pankaj.yadav
2024-02-02 17:02:997 INFO  LoginPage:109 - Enter Password : Ebix@123
2024-02-02 17:02:212 INFO  LoginPage:114 - Clicked on Login
2024-02-02 17:02:343 INFO  BaseClass:110 - verifyLogoImage test is pass
2024-02-02 17:02:346 INFO  BaseClass:117 - verifyLogoImage - is Finished.
2024-02-02 17:02:377 INFO  BaseClass:96 - verifyUserIdLabel test is Started
2024-02-02 17:02:382 INFO  LoginPage:78 - Verify User ID Label
2024-02-02 17:02:453 INFO  BaseClass:110 - verifyUserIdLabel test is pass
2024-02-02 17:02:453 INFO  BaseClass:117 - verifyUserIdLabel - is Finished.
2024-02-02 17:02:495 INFO  BaseClass:96 - verifyPasswordLabel test is Started
2024-02-02 17:02:502 INFO  LoginPage:83 - Verify Password Label
2024-02-02 17:02:604 INFO  BaseClass:110 - verifyPasswordLabel test is pass
2024-02-02 17:02:605 INFO  BaseClass:117 - verifyPasswordLabel - is Finished.
2024-02-02 17:02:654 INFO  BaseClass:96 - verifyLoginButtonText test is Started
2024-02-02 17:02:658 INFO  LoginPage:87 - Verify Login Button Text
2024-02-02 17:02:713 INFO  BaseClass:110 - verifyLoginButtonText test is pass
2024-02-02 17:02:714 INFO  BaseClass:117 - verifyLoginButtonText - is Finished.
2024-02-02 17:02:758 INFO  BaseClass:96 - verifyPoweredByText test is Started
2024-02-02 17:02:764 INFO  LoginPage:91 - Verify Powered By Text
2024-02-02 17:02:825 INFO  BaseClass:110 - verifyPoweredByText test is pass
2024-02-02 17:02:826 INFO  BaseClass:117 - verifyPoweredByText - is Finished.
2024-02-02 17:02:851 INFO  BaseClass:96 - verifyFooterLogo test is Started
2024-02-02 17:02:859 INFO  LoginPage:95 - Verify Footer Logo
2024-02-02 17:02:420 INFO  BaseClass:110 - login test is pass
2024-02-02 17:02:421 INFO  BaseClass:117 - login - is Finished.
2024-02-02 17:02:484 INFO  BaseClass:96 - createNewPolicy test is Started
2024-02-02 17:02:910 INFO  CommonLocatorsAndMethod:388 - Clicked on Policy
2024-02-02 17:02:294 INFO  BaseClass:110 - verifyFooterLogo test is pass
2024-02-02 17:02:299 INFO  BaseClass:117 - verifyFooterLogo - is Finished.
2024-02-02 17:02:449 INFO  BaseClass:96 - doLogin test is Started
2024-02-02 17:02:218 INFO  LoginPage:103 - Enter Username : pankaj.yadav
2024-02-02 17:02:152 INFO  LoginPage:109 - Enter Password : Ebix@123
2024-02-02 17:02:302 INFO  CommonLocatorsAndMethod:393 - Clicked on Add Policy
2024-02-02 17:02:380 INFO  LoginPage:114 - Clicked on Login
2024-02-02 17:02:976 INFO  BaseClass:110 - doLogin test is pass
2024-02-02 17:02:978 INFO  BaseClass:117 - doLogin - is Finished.
2024-02-02 17:02:50 INFO  BaseClass:96 - verifyUserLogin test is Started
2024-02-02 17:02:53 INFO  LoginPage:125 - Verify User Login
2024-02-02 17:02:185 INFO  BaseClass:110 - verifyUserLogin test is pass
2024-02-02 17:02:186 INFO  BaseClass:117 - verifyUserLogin - is Finished.
2024-02-02 17:02:626 INFO  CommonLocatorsAndMethod:402 - Clicked on Entity Grid
2024-02-02 17:02:126 INFO  CommonLocatorsAndMethod:407 - Select Entity
2024-02-02 17:02:547 INFO  CommonLocatorsAndMethod:411 - Clicked on Class Grid
2024-02-02 17:02:715 INFO  CommonLocatorsAndMethod:423 - Select Class - [[ChromeDriver: chrome on windows (c1efea47c886b6fd7341275cbdfc4b46)] -> xpath: //span[text()=' Offshore ']]
2024-02-02 17:02:129 INFO  CommonLocatorsAndMethod:423 - Select Class - [[ChromeDriver: chrome on windows (c1efea47c886b6fd7341275cbdfc4b46)] -> xpath: //span[text()=' Offshore Renewables ']]
2024-02-02 17:02:10 INFO  BaseClass:69 - chrome : is launched successfully
2024-02-02 17:02:764 INFO  CommonLocatorsAndMethod:432 - Clicked on Perils Grid
2024-02-02 17:02:184 INFO  BaseClass:89 - Enter URL : https://test-v2-eh.ebixexchange.com/login
2024-02-02 17:02:929 INFO  BaseClass:96 - login test is Started
2024-02-02 17:02:13 INFO  CommonLocatorsAndMethod:439 - Enter Policy Reference : Policy_02022024_01
2024-02-02 17:02:845 INFO  LoginPage:103 - Enter Username : pankaj.yadav
2024-02-02 17:02:768 INFO  LoginPage:109 - Enter Password : Ebix@123
2024-02-02 17:02:485 INFO  CommonLocatorsAndMethod:444 - Enter Assured : Assured_01
2024-02-02 17:02:650 INFO  LoginPage:114 - Clicked on Login
2024-02-02 17:02:61 INFO  CommonLocatorsAndMethod:447 - Scroll till other field text
2024-02-02 17:02:369 INFO  CommonLocatorsAndMethod:452 - Clicked on Other Field
2024-02-02 17:02:604 INFO  BaseClass:110 - login test is pass
2024-02-02 17:02:605 INFO  BaseClass:117 - login - is Finished.
2024-02-02 17:02:723 INFO  BaseClass:96 - createNewPolicy test is Started
2024-02-02 17:02:180 INFO  CommonLocatorsAndMethod:388 - Clicked on Policy
2024-02-02 17:02:133 INFO  CommonLocatorsAndMethod:459 - Clicked on Save
2024-02-02 17:02:932 INFO  CommonLocatorsAndMethod:393 - Clicked on Add Policy
2024-02-02 17:02:966 INFO  CommonLocatorsAndMethod:402 - Clicked on Entity Grid
2024-02-02 17:02:343 INFO  CommonLocatorsAndMethod:407 - Select Entity
2024-02-02 17:02:216 INFO  CommonLocatorsAndMethod:411 - Clicked on Class Grid
2024-02-02 17:02:60 INFO  CommonLocatorsAndMethod:423 - Select Class - [[ChromeDriver: chrome on windows (ede35ed9b518980a64ae2297ee7a05bb)] -> xpath: //span[text()=' Offshore ']]
2024-02-02 17:02:636 INFO  CommonLocatorsAndMethod:464 - Clicked on Policy Navigation Link
2024-02-02 17:02:67 INFO  CommonLocatorsAndMethod:423 - Select Class - [[ChromeDriver: chrome on windows (ede35ed9b518980a64ae2297ee7a05bb)] -> xpath: //span[text()=' Offshore Renewables ']]
2024-02-02 17:02:317 INFO  CommonLocatorsAndMethod:470 - Verify created Policy
2024-02-02 17:02:322 INFO  BaseClass:110 - createNewPolicy test is pass
2024-02-02 17:02:323 INFO  BaseClass:117 - createNewPolicy - is Finished.
2024-02-02 17:02:324 INFO  CommonLocatorsAndMethod:432 - Clicked on Perils Grid
2024-02-02 17:02:606 INFO  CommonLocatorsAndMethod:439 - Enter Policy Reference : Policy_02022024_02
2024-02-02 17:02:342 INFO  CommonLocatorsAndMethod:444 - Enter Assured : Assured_01
2024-02-02 17:02:457 INFO  CommonLocatorsAndMethod:447 - Scroll till other field text
2024-02-02 17:02:595 INFO  CommonLocatorsAndMethod:452 - Clicked on Other Field
2024-02-02 17:02:782 INFO  CommonLocatorsAndMethod:459 - Clicked on Save
2024-02-02 17:02:455 INFO  BaseClass:69 - chrome : is launched successfully
2024-02-02 17:02:925 INFO  BaseClass:89 - Enter URL : https://test-v2-eh.ebixexchange.com/login
2024-02-02 17:02:125 INFO  BaseClass:96 - login test is Started
2024-02-02 17:02:619 INFO  CommonLocatorsAndMethod:464 - Clicked on Policy Navigation Link
2024-02-02 17:02:341 INFO  LoginPage:103 - Enter Username : pankaj.yadav
2024-02-02 17:02:736 INFO  LoginPage:109 - Enter Password : Ebix@123
2024-02-02 17:02:17 INFO  LoginPage:114 - Clicked on Login
2024-02-02 17:02:460 INFO  CommonLocatorsAndMethod:470 - Verify created Policy
2024-02-02 17:02:468 INFO  BaseClass:110 - createNewPolicy test is pass
2024-02-02 17:02:469 INFO  BaseClass:117 - createNewPolicy - is Finished.
2024-02-02 17:02:535 INFO  BaseClass:96 - addNewLimitGroup test is Started
2024-02-02 17:02:123 INFO  CommonLocatorsAndMethod:725 - Clicked on Terms Navigation
2024-02-02 17:02:135 INFO  BaseClass:110 - login test is pass
2024-02-02 17:02:135 INFO  BaseClass:117 - login - is Finished.
2024-02-02 17:02:164 INFO  BaseClass:96 - createNewPolicy test is Started
2024-02-02 17:02:553 INFO  CommonLocatorsAndMethod:484 - Clicked on Policy
2024-02-02 17:02:05 INFO  CommonLocatorsAndMethod:730 - Clicked on Terms Edit
2024-02-02 17:02:844 INFO  CommonLocatorsAndMethod:735 - Clicked on Add Limit Group
2024-02-02 17:02:180 INFO  CommonLocatorsAndMethod:490 - Clicked on Add Policy
2024-02-02 17:02:919 INFO  CommonLocatorsAndMethod:500 - Clicked on Entity Grid
2024-02-02 17:02:386 INFO  CommonLocatorsAndMethod:741 - Enter Limit Group Name : GNPolicy02
2024-02-02 17:02:451 INFO  CommonLocatorsAndMethod:506 - Select Entity
2024-02-02 17:02:73 INFO  CommonLocatorsAndMethod:511 - Clicked on Class Grid
2024-02-02 17:02:77 INFO  CommonLocatorsAndMethod:746 - Clicked on Add Rule Limit Group
2024-02-02 17:02:524 INFO  CommonLocatorsAndMethod:752 - Clicked on Country Name
2024-02-02 17:02:126 INFO  CommonLocatorsAndMethod:755 - Enter Country Name : Australia
2024-02-02 17:02:689 INFO  CommonLocatorsAndMethod:760 - Clicked on Preview Group
2024-02-02 17:02:297 INFO  CommonLocatorsAndMethod:765 - Clicked on Save Group
2024-02-02 17:02:44 INFO  CommonLocatorsAndMethod:770 - Clicked on Save Terms
2024-02-02 17:02:70 INFO  CommonLocatorsAndMethod:523 - Select Class - [[ChromeDriver: chrome on windows (cf416f8c1c95649bf9536ac03164dda2)] -> xpath: //span[text()=' Offshore ']]
2024-02-02 17:02:805 INFO  CommonLocatorsAndMethod:523 - Select Class - [[ChromeDriver: chrome on windows (cf416f8c1c95649bf9536ac03164dda2)] -> xpath: //span[text()=' Offshore Renewables ']]
2024-02-02 17:02:718 INFO  CommonLocatorsAndMethod:532 - Clicked on Perils Grid
2024-02-02 17:02:818 INFO  CommonLocatorsAndMethod:539 - Enter Policy Reference : Policy_02022024_03
2024-02-02 17:02:212 INFO  CommonLocatorsAndMethod:546 - Enter Assured : Assured_03
2024-02-02 17:02:353 INFO  CommonLocatorsAndMethod:549 - Scroll till other field text
2024-02-02 17:02:377 INFO  CommonLocatorsAndMethod:555 - Clicked on Other Field
2024-02-02 17:02:592 INFO  CommonLocatorsAndMethod:780 - Verify created Group Name
2024-02-02 17:02:708 INFO  CommonLocatorsAndMethod:561 - Clicked on Coverage Rule
2024-02-02 17:02:612 INFO  BaseClass:110 - addNewLimitGroup test is pass
2024-02-02 17:02:615 INFO  BaseClass:117 - addNewLimitGroup - is Finished.
2024-02-02 17:02:194 INFO  BaseClass:96 - addNewLimit test is Started
2024-02-02 17:02:250 INFO  CommonLocatorsAndMethod:568 - Clicked on Save
2024-02-02 17:02:279 INFO  CommonLocatorsAndMethod:572 - Clicked on Policy Navigation Link
2024-02-02 17:02:539 INFO  CommonLocatorsAndMethod:863 - Clicked on Edit Terms
2024-02-02 17:02:939 INFO  CommonLocatorsAndMethod:870 - Clicked on Add New Limit
2024-02-02 17:02:91 INFO  CommonLocatorsAndMethod:881 - Clicked on Save Terms
2024-02-02 17:02:285 INFO  CommonLocatorsAndMethod:578 - Verify created Policy
2024-02-02 17:02:317 INFO  BaseClass:110 - createNewPolicy test is pass
2024-02-02 17:02:317 INFO  BaseClass:117 - createNewPolicy - is Finished.
2024-02-02 17:02:849 INFO  BaseClass:96 - addNewLimitGroup test is Started
2024-02-02 17:02:435 INFO  CommonLocatorsAndMethod:725 - Clicked on Terms Navigation
2024-02-02 17:02:272 INFO  BaseClass:110 - addNewLimit test is pass
2024-02-02 17:02:275 INFO  BaseClass:117 - addNewLimit - is Finished.
2024-02-02 17:02:98 INFO  CommonLocatorsAndMethod:730 - Clicked on Terms Edit
2024-02-02 17:02:624 INFO  CommonLocatorsAndMethod:735 - Clicked on Add Limit Group
2024-02-02 17:02:381 INFO  CommonLocatorsAndMethod:741 - Enter Limit Group Name : GNPolicy03
2024-02-02 17:02:786 INFO  CommonLocatorsAndMethod:746 - Clicked on Add Rule Limit Group
2024-02-02 17:02:181 INFO  CommonLocatorsAndMethod:752 - Clicked on Country Name
2024-02-02 17:02:792 INFO  CommonLocatorsAndMethod:755 - Enter Country Name : Australia
2024-02-02 17:02:435 INFO  CommonLocatorsAndMethod:760 - Clicked on Preview Group
2024-02-02 17:02:320 INFO  CommonLocatorsAndMethod:765 - Clicked on Save Group
2024-02-02 17:02:85 INFO  BaseClass:69 - chrome : is launched successfully
2024-02-02 17:02:688 INFO  CommonLocatorsAndMethod:770 - Clicked on Save Terms
2024-02-02 17:02:176 INFO  BaseClass:89 - Enter URL : https://test-v2-eh.ebixexchange.com/login
2024-02-02 17:02:752 INFO  BaseClass:96 - login test is Started
2024-02-02 17:02:806 INFO  LoginPage:103 - Enter Username : pankaj.yadav
2024-02-02 17:02:169 INFO  LoginPage:109 - Enter Password : Ebix@123
2024-02-02 17:02:539 INFO  LoginPage:114 - Clicked on Login
2024-02-02 17:02:484 INFO  BaseClass:110 - login test is pass
2024-02-02 17:02:485 INFO  BaseClass:117 - login - is Finished.
2024-02-02 17:02:607 INFO  BaseClass:96 - createNewPolicy test is Started
2024-02-02 17:02:968 INFO  CommonLocatorsAndMethod:484 - Clicked on Policy
2024-02-02 17:02:372 INFO  CommonLocatorsAndMethod:780 - Verify created Group Name
2024-02-02 17:02:392 INFO  BaseClass:110 - addNewLimitGroup test is pass
2024-02-02 17:02:394 INFO  BaseClass:117 - addNewLimitGroup - is Finished.
2024-02-02 17:02:411 INFO  BaseClass:96 - addNewLimit test is Started
2024-02-02 17:02:68 INFO  CommonLocatorsAndMethod:863 - Clicked on Edit Terms
2024-02-02 17:02:603 INFO  CommonLocatorsAndMethod:870 - Clicked on Add New Limit
2024-02-02 17:02:703 INFO  CommonLocatorsAndMethod:881 - Clicked on Save Terms
2024-02-02 17:02:757 INFO  CommonLocatorsAndMethod:490 - Clicked on Add Policy
2024-02-02 17:02:113 INFO  CommonLocatorsAndMethod:500 - Clicked on Entity Grid
2024-02-02 17:02:539 INFO  BaseClass:110 - addNewLimit test is pass
2024-02-02 17:02:540 INFO  BaseClass:117 - addNewLimit - is Finished.
2024-02-02 17:02:630 INFO  CommonLocatorsAndMethod:506 - Select Entity
2024-02-02 17:02:649 INFO  BaseClass:96 - addCoverage test is Started
2024-02-02 17:02:55 INFO  CommonLocatorsAndMethod:511 - Clicked on Class Grid
2024-02-02 17:02:783 INFO  CommonLocatorsAndMethod:896 - Clicked on Coverage Navigation
2024-02-02 17:02:762 INFO  CommonLocatorsAndMethod:903 - Clicked on Coverage Edit
2024-02-02 17:02:574 INFO  CommonLocatorsAndMethod:908 - Clicked on Add Coverage Group
2024-02-02 17:02:911 INFO  CommonLocatorsAndMethod:523 - Select Class - [[ChromeDriver: chrome on windows (04daa49cbfccff33b0c9458eb0bfd963)] -> xpath: //span[text()=' Cyber ']]
2024-02-02 17:02:641 INFO  CommonLocatorsAndMethod:523 - Select Class - [[ChromeDriver: chrome on windows (04daa49cbfccff33b0c9458eb0bfd963)] -> xpath: //span[text()=' Cyber ']]
2024-02-02 17:02:71 INFO  CommonLocatorsAndMethod:532 - Clicked on Perils Grid
2024-02-02 17:02:398 INFO  CommonLocatorsAndMethod:914 - Enter Coverage Name : Coverage03
2024-02-02 17:02:288 INFO  CommonLocatorsAndMethod:539 - Enter Policy Reference : Policy_02022024_04
2024-02-02 17:02:300 INFO  CommonLocatorsAndMethod:921 - Clicked on Add Rule Coverage
2024-02-02 17:02:778 INFO  CommonLocatorsAndMethod:546 - Enter Assured : Assured_04
2024-02-02 17:02:951 INFO  CommonLocatorsAndMethod:549 - Scroll till other field text
2024-02-02 17:02:284 INFO  CommonLocatorsAndMethod:555 - Clicked on Other Field
2024-02-02 17:02:849 INFO  CommonLocatorsAndMethod:927 - Clicked on Country Name
2024-02-02 17:02:114 INFO  CommonLocatorsAndMethod:561 - Clicked on Coverage Rule
2024-02-02 17:02:659 INFO  CommonLocatorsAndMethod:930 - Enter Country Name : Australia
2024-02-02 17:02:980 INFO  CommonLocatorsAndMethod:568 - Clicked on Save
2024-02-02 17:02:546 INFO  CommonLocatorsAndMethod:936 - Clicked on Preview Group
2024-02-02 17:02:09 INFO  CommonLocatorsAndMethod:942 - Clicked on Save Coverage
2024-02-02 17:02:444 INFO  CommonLocatorsAndMethod:572 - Clicked on Policy Navigation Link
2024-02-02 17:02:05 INFO  CommonLocatorsAndMethod:950 - Clicked on Cancel Coverage
2024-02-02 17:02:325 INFO  CommonLocatorsAndMethod:959 - Verify created Coverage Name
2024-02-02 17:02:850 INFO  CommonLocatorsAndMethod:578 - Verify created Policy
2024-02-02 17:02:862 INFO  BaseClass:110 - createNewPolicy test is pass
2024-02-02 17:02:862 INFO  BaseClass:117 - createNewPolicy - is Finished.
2024-02-02 17:02:37 INFO  BaseClass:96 - addNewLimitGroup test is Started
2024-02-02 17:02:515 INFO  BaseClass:110 - addCoverage test is pass
2024-02-02 17:02:516 INFO  BaseClass:117 - addCoverage - is Finished.
2024-02-02 17:02:728 INFO  CommonLocatorsAndMethod:725 - Clicked on Terms Navigation
2024-02-02 17:02:83 INFO  CommonLocatorsAndMethod:730 - Clicked on Terms Edit
2024-02-02 17:02:818 INFO  CommonLocatorsAndMethod:735 - Clicked on Add Limit Group
2024-02-02 17:02:543 INFO  BaseClass:69 - chrome : is launched successfully
2024-02-02 17:02:319 INFO  CommonLocatorsAndMethod:741 - Enter Limit Group Name : GNPolicy04
2024-02-02 17:02:783 INFO  CommonLocatorsAndMethod:746 - Clicked on Add Rule Limit Group
2024-02-02 17:02:117 INFO  CommonLocatorsAndMethod:752 - Clicked on Country Name
2024-02-02 17:02:663 INFO  CommonLocatorsAndMethod:755 - Enter Country Name : Australia
2024-02-02 17:02:265 INFO  CommonLocatorsAndMethod:760 - Clicked on Preview Group
2024-02-02 17:02:192 INFO  CommonLocatorsAndMethod:765 - Clicked on Save Group
2024-02-02 17:02:326 INFO  CommonLocatorsAndMethod:770 - Clicked on Save Terms
2024-02-02 17:02:147 INFO  CommonLocatorsAndMethod:780 - Verify created Group Name
2024-02-02 17:02:156 INFO  BaseClass:110 - addNewLimitGroup test is pass
2024-02-02 17:02:157 INFO  BaseClass:117 - addNewLimitGroup - is Finished.
2024-02-02 17:02:218 INFO  BaseClass:96 - addNewLimit test is Started
2024-02-02 17:02:731 INFO  CommonLocatorsAndMethod:863 - Clicked on Edit Terms
2024-02-02 17:02:502 INFO  CommonLocatorsAndMethod:870 - Clicked on Add New Limit
2024-02-02 17:02:934 INFO  BaseClass:89 - Enter URL : https://test-v2-eh.ebixexchange.com/login
2024-02-02 17:02:795 INFO  CommonLocatorsAndMethod:881 - Clicked on Save Terms
2024-02-02 17:02:836 INFO  BaseClass:96 - login test is Started
2024-02-02 17:02:793 INFO  LoginPage:103 - Enter Username : pankaj.yadav
2024-02-02 17:02:325 INFO  LoginPage:109 - Enter Password : Ebix@123
2024-02-02 17:02:501 INFO  BaseClass:110 - addNewLimit test is pass
2024-02-02 17:02:501 INFO  BaseClass:117 - addNewLimit - is Finished.
2024-02-02 17:02:564 INFO  BaseClass:96 - addSchedule test is Started
2024-02-02 17:02:753 INFO  LoginPage:114 - Clicked on Login
2024-02-02 17:02:891 INFO  CommonLocatorsAndMethod:979 - Clicked on Class Navigation
2024-02-02 17:02:398 INFO  CommonLocatorsAndMethod:988 - Clicked on Edit Schedule
2024-02-02 17:02:608 INFO  BaseClass:110 - login test is pass
2024-02-02 17:02:609 INFO  BaseClass:117 - login - is Finished.
2024-02-02 17:02:629 INFO  BaseClass:96 - createNewPolicy test is Started
2024-02-02 17:02:936 INFO  CommonLocatorsAndMethod:998 - Clicked on Add Single Schedule
2024-02-02 17:02:851 INFO  CommonLocatorsAndMethod:484 - Clicked on Policy
2024-02-02 17:02:786 INFO  CommonLocatorsAndMethod:1004 - Clicked on Single Schedule Search
2024-02-02 17:02:361 INFO  CommonLocatorsAndMethod:490 - Clicked on Add Policy
2024-02-02 17:02:161 INFO  CommonLocatorsAndMethod:1012 - Add Single Schedule Data
2024-02-02 17:02:765 INFO  CommonLocatorsAndMethod:500 - Clicked on Entity Grid
2024-02-02 17:02:289 INFO  CommonLocatorsAndMethod:506 - Select Entity
2024-02-02 17:02:295 INFO  CommonLocatorsAndMethod:511 - Clicked on Class Grid
2024-02-02 17:02:683 INFO  CommonLocatorsAndMethod:1017 - Clicked on Save Single Schedule
2024-02-02 17:02:555 INFO  CommonLocatorsAndMethod:523 - Select Class - [[ChromeDriver: chrome on windows (a06b1fb8e864140a4f1590a4cf3e0447)] -> xpath: //span[text()=' Offshore Renewables ']]
2024-02-02 17:02:600 INFO  CommonLocatorsAndMethod:532 - Clicked on Perils Grid
2024-02-02 17:02:994 INFO  CommonLocatorsAndMethod:1027 - Clicked on Edit Schedule Again
2024-02-02 17:02:604 INFO  CommonLocatorsAndMethod:539 - Enter Policy Reference : Policy_02022024_05
2024-02-02 17:02:836 INFO  CommonLocatorsAndMethod:546 - Enter Assured : Assured_05
2024-02-02 17:02:21 INFO  CommonLocatorsAndMethod:549 - Scroll till other field text
2024-02-02 17:02:965 INFO  CommonLocatorsAndMethod:555 - Clicked on Other Field
2024-02-02 17:02:332 INFO  CommonLocatorsAndMethod:561 - Clicked on Coverage Rule
2024-02-02 17:02:884 INFO  CommonLocatorsAndMethod:568 - Clicked on Save
2024-02-02 17:02:242 INFO  CommonLocatorsAndMethod:572 - Clicked on Policy Navigation Link
2024-02-02 17:02:233 INFO  CommonLocatorsAndMethod:578 - Verify created Policy
2024-02-02 17:02:243 INFO  BaseClass:110 - createNewPolicy test is pass
2024-02-02 17:02:244 INFO  BaseClass:117 - createNewPolicy - is Finished.
2024-02-02 17:02:292 INFO  BaseClass:96 - addNewLimitGroup test is Started
2024-02-02 17:02:836 INFO  CommonLocatorsAndMethod:725 - Clicked on Terms Navigation
2024-02-02 17:02:390 INFO  CommonLocatorsAndMethod:730 - Clicked on Terms Edit
2024-02-02 17:02:322 INFO  CommonLocatorsAndMethod:735 - Clicked on Add Limit Group
2024-02-02 17:02:196 INFO  BaseClass:69 - chrome : is launched successfully
2024-02-02 17:02:856 INFO  BaseClass:89 - Enter URL : https://test-v2-eh.ebixexchange.com/login
2024-02-02 17:02:949 INFO  CommonLocatorsAndMethod:741 - Enter Limit Group Name : GNPolicy05
2024-02-02 17:02:255 INFO  BaseClass:96 - login test is Started
2024-02-02 17:02:572 INFO  CommonLocatorsAndMethod:746 - Clicked on Add Rule Limit Group
2024-02-02 17:02:165 INFO  CommonLocatorsAndMethod:752 - Clicked on Country Name
2024-02-02 17:02:992 INFO  LoginPage:103 - Enter Username : pankaj.yadav
2024-02-02 17:02:39 INFO  CommonLocatorsAndMethod:755 - Enter Country Name : Australia
2024-02-02 17:02:652 INFO  CommonLocatorsAndMethod:760 - Clicked on Preview Group
2024-02-02 17:02:669 INFO  LoginPage:109 - Enter Password : Ebix@123
2024-02-02 17:02:392 INFO  LoginPage:114 - Clicked on Login
2024-02-02 17:02:415 INFO  CommonLocatorsAndMethod:765 - Clicked on Save Group
2024-02-02 17:02:191 INFO  CommonLocatorsAndMethod:770 - Clicked on Save Terms
2024-02-02 17:02:763 INFO  BaseClass:110 - login test is pass
2024-02-02 17:02:764 INFO  BaseClass:117 - login - is Finished.
2024-02-02 17:02:847 INFO  BaseClass:96 - createNewPolicy test is Started
2024-02-02 17:02:175 INFO  CommonLocatorsAndMethod:484 - Clicked on Policy
2024-02-02 17:02:355 INFO  BaseClass:69 - chrome : is launched successfully
2024-02-02 17:02:869 INFO  CommonLocatorsAndMethod:490 - Clicked on Add Policy
2024-02-02 17:02:383 INFO  CommonLocatorsAndMethod:500 - Clicked on Entity Grid
2024-02-02 17:02:876 INFO  CommonLocatorsAndMethod:506 - Select Entity
2024-02-02 17:02:342 INFO  CommonLocatorsAndMethod:511 - Clicked on Class Grid
2024-02-02 17:02:380 INFO  BaseClass:89 - Enter URL : https://test-v2-eh.ebixexchange.com/login
2024-02-02 17:02:719 INFO  BaseClass:96 - login test is Started
2024-02-02 17:02:459 INFO  LoginPage:103 - Enter Username : pankaj.yadav
2024-02-02 17:02:992 INFO  LoginPage:109 - Enter Password : Ebix@123
2024-02-02 17:02:484 INFO  LoginPage:114 - Clicked on Login
2024-02-02 17:02:826 INFO  BaseClass:110 - login test is pass
2024-02-02 17:02:826 INFO  BaseClass:117 - login - is Finished.
2024-02-02 17:02:925 INFO  BaseClass:96 - createNewPolicy test is Started
2024-02-02 17:02:160 INFO  CommonLocatorsAndMethod:484 - Clicked on Policy
2024-02-02 17:02:234 INFO  CommonLocatorsAndMethod:523 - Select Class - [[ChromeDriver: chrome on windows (ffdea361dd0c265c263faf1c6736fe05)] -> xpath: //span[text()=' Cyber ']]
2024-02-02 17:02:883 INFO  CommonLocatorsAndMethod:523 - Select Class - [[ChromeDriver: chrome on windows (ffdea361dd0c265c263faf1c6736fe05)] -> xpath: //span[text()=' Cyber ']]
2024-02-02 17:02:994 INFO  CommonLocatorsAndMethod:532 - Clicked on Perils Grid
2024-02-02 17:02:265 INFO  CommonLocatorsAndMethod:490 - Clicked on Add Policy
2024-02-02 17:02:151 INFO  CommonLocatorsAndMethod:539 - Enter Policy Reference : Policy_02022024_06
2024-02-02 17:02:14 INFO  CommonLocatorsAndMethod:500 - Clicked on Entity Grid
2024-02-02 17:02:27 INFO  CommonLocatorsAndMethod:546 - Enter Assured : Assured_06
2024-02-02 17:02:207 INFO  CommonLocatorsAndMethod:549 - Scroll till other field text
2024-02-02 17:02:501 INFO  CommonLocatorsAndMethod:506 - Select Entity
2024-02-02 17:02:145 INFO  CommonLocatorsAndMethod:511 - Clicked on Class Grid
2024-02-02 17:02:549 INFO  CommonLocatorsAndMethod:555 - Clicked on Other Field
2024-02-02 17:02:967 INFO  CommonLocatorsAndMethod:561 - Clicked on Coverage Rule
2024-02-02 17:02:812 INFO  CommonLocatorsAndMethod:568 - Clicked on Save
2024-02-02 17:02:108 INFO  CommonLocatorsAndMethod:523 - Select Class - [[ChromeDriver: chrome on windows (28f47dfc27ed2296812b898a142bc8ab)] -> xpath: //span[text()=' Offshore Renewables ']]
2024-02-02 17:02:293 INFO  CommonLocatorsAndMethod:572 - Clicked on Policy Navigation Link
2024-02-02 17:02:58 INFO  CommonLocatorsAndMethod:532 - Clicked on Perils Grid
2024-02-02 17:02:422 INFO  CommonLocatorsAndMethod:539 - Enter Policy Reference : Policy_02022024_07
2024-02-02 17:02:811 INFO  CommonLocatorsAndMethod:546 - Enter Assured : Assured_07
2024-02-02 17:02:61 INFO  CommonLocatorsAndMethod:549 - Scroll till other field text
2024-02-02 17:02:834 INFO  CommonLocatorsAndMethod:578 - Verify created Policy
2024-02-02 17:02:851 INFO  BaseClass:110 - createNewPolicy test is pass
2024-02-02 17:02:851 INFO  BaseClass:117 - createNewPolicy - is Finished.
2024-02-02 17:02:934 INFO  BaseClass:96 - addNewLimitGroup test is Started
2024-02-02 17:02:125 INFO  CommonLocatorsAndMethod:555 - Clicked on Other Field
2024-02-02 17:02:654 INFO  CommonLocatorsAndMethod:561 - Clicked on Coverage Rule
2024-02-02 17:02:726 INFO  CommonLocatorsAndMethod:725 - Clicked on Terms Navigation
2024-02-02 17:02:66 INFO  CommonLocatorsAndMethod:568 - Clicked on Save
2024-02-02 17:02:698 INFO  CommonLocatorsAndMethod:730 - Clicked on Terms Edit
2024-02-02 17:02:90 INFO  CommonLocatorsAndMethod:572 - Clicked on Policy Navigation Link
2024-02-02 17:02:406 INFO  CommonLocatorsAndMethod:735 - Clicked on Add Limit Group
2024-02-02 17:02:31 INFO  CommonLocatorsAndMethod:741 - Enter Limit Group Name : GNPolicy06
2024-02-02 17:02:553 INFO  CommonLocatorsAndMethod:746 - Clicked on Add Rule Limit Group
2024-02-02 17:02:56 INFO  CommonLocatorsAndMethod:752 - Clicked on Country Name
2024-02-02 17:02:06 INFO  CommonLocatorsAndMethod:755 - Enter Country Name : Australia
2024-02-02 17:02:86 INFO  CommonLocatorsAndMethod:578 - Verify created Policy
2024-02-02 17:02:93 INFO  BaseClass:110 - createNewPolicy test is pass
2024-02-02 17:02:93 INFO  BaseClass:117 - createNewPolicy - is Finished.
2024-02-02 17:02:176 INFO  BaseClass:96 - addNewLimitGroup test is Started
2024-02-02 17:02:793 INFO  CommonLocatorsAndMethod:725 - Clicked on Terms Navigation
2024-02-02 17:02:676 INFO  CommonLocatorsAndMethod:760 - Clicked on Preview Group
2024-02-02 17:02:370 INFO  CommonLocatorsAndMethod:730 - Clicked on Terms Edit
2024-02-02 17:02:97 INFO  CommonLocatorsAndMethod:765 - Clicked on Save Group
2024-02-02 17:02:540 INFO  CommonLocatorsAndMethod:735 - Clicked on Add Limit Group
2024-02-02 17:02:895 INFO  CommonLocatorsAndMethod:770 - Clicked on Save Terms
2024-02-02 17:02:590 INFO  CommonLocatorsAndMethod:741 - Enter Limit Group Name : GNPolicy07
2024-02-02 17:02:187 INFO  CommonLocatorsAndMethod:746 - Clicked on Add Rule Limit Group
2024-02-02 17:02:927 INFO  CommonLocatorsAndMethod:752 - Clicked on Country Name
2024-02-02 17:02:923 INFO  CommonLocatorsAndMethod:755 - Enter Country Name : Australia
2024-02-02 17:02:389 INFO  CommonLocatorsAndMethod:760 - Clicked on Preview Group
2024-02-02 17:02:301 INFO  CommonLocatorsAndMethod:765 - Clicked on Save Group
2024-02-02 17:02:896 INFO  CommonLocatorsAndMethod:770 - Clicked on Save Terms
2024-02-02 17:02:990 INFO  CommonLocatorsAndMethod:780 - Verify created Group Name
2024-02-02 17:02:22 INFO  BaseClass:110 - addNewLimitGroup test is pass
2024-02-02 17:02:22 INFO  BaseClass:117 - addNewLimitGroup - is Finished.
2024-02-02 17:02:96 INFO  BaseClass:96 - addNewLimit test is Started
2024-02-02 17:02:64 INFO  CommonLocatorsAndMethod:863 - Clicked on Edit Terms
2024-02-02 17:02:813 INFO  CommonLocatorsAndMethod:870 - Clicked on Add New Limit
2024-02-02 17:02:945 INFO  CommonLocatorsAndMethod:881 - Clicked on Save Terms
2024-02-02 17:02:161 INFO  BaseClass:110 - addNewLimit test is pass
2024-02-02 17:02:161 INFO  BaseClass:117 - addNewLimit - is Finished.
2024-02-02 17:02:262 INFO  BaseClass:96 - addCoverage test is Started
2024-02-02 17:02:392 INFO  CommonLocatorsAndMethod:780 - Verify created Group Name
2024-02-02 17:02:432 INFO  BaseClass:110 - addNewLimitGroup test is pass
2024-02-02 17:02:432 INFO  BaseClass:117 - addNewLimitGroup - is Finished.
2024-02-02 17:02:453 INFO  BaseClass:96 - addNewLimit test is Started
2024-02-02 17:02:470 INFO  CommonLocatorsAndMethod:896 - Clicked on Coverage Navigation
2024-02-02 17:02:158 INFO  CommonLocatorsAndMethod:863 - Clicked on Edit Terms
2024-02-02 17:02:107 INFO  CommonLocatorsAndMethod:870 - Clicked on Add New Limit
2024-02-02 17:02:423 INFO  CommonLocatorsAndMethod:903 - Clicked on Coverage Edit
2024-02-02 17:02:55 INFO  CommonLocatorsAndMethod:881 - Clicked on Save Terms
2024-02-02 17:02:915 INFO  CommonLocatorsAndMethod:908 - Clicked on Add Coverage Group
2024-02-02 17:02:267 INFO  BaseClass:110 - addNewLimit test is pass
2024-02-02 17:02:267 INFO  BaseClass:117 - addNewLimit - is Finished.
2024-02-02 17:02:360 INFO  BaseClass:96 - addCoverage test is Started
2024-02-02 17:02:981 INFO  CommonLocatorsAndMethod:896 - Clicked on Coverage Navigation
2024-02-02 17:02:454 INFO  CommonLocatorsAndMethod:903 - Clicked on Coverage Edit
2024-02-02 17:02:691 INFO  CommonLocatorsAndMethod:908 - Clicked on Add Coverage Group
2024-02-02 17:02:118 INFO  CommonLocatorsAndMethod:914 - Enter Coverage Name : Coverage06
2024-02-02 17:02:892 INFO  CommonLocatorsAndMethod:921 - Clicked on Add Rule Coverage
2024-02-02 17:02:211 INFO  CommonLocatorsAndMethod:927 - Clicked on Country Name
2024-02-02 17:02:937 INFO  CommonLocatorsAndMethod:930 - Enter Country Name : Australia
2024-02-02 17:02:262 INFO  CommonLocatorsAndMethod:936 - Clicked on Preview Group
2024-02-02 17:02:934 INFO  CommonLocatorsAndMethod:914 - Enter Coverage Name : Coverage07
2024-02-02 17:02:02 INFO  CommonLocatorsAndMethod:942 - Clicked on Save Coverage
2024-02-02 17:02:985 INFO  CommonLocatorsAndMethod:921 - Clicked on Add Rule Coverage
2024-02-02 17:02:287 INFO  CommonLocatorsAndMethod:927 - Clicked on Country Name
2024-02-02 17:02:983 INFO  CommonLocatorsAndMethod:930 - Enter Country Name : Australia
2024-02-02 17:02:957 INFO  CommonLocatorsAndMethod:936 - Clicked on Preview Group
2024-02-02 17:02:189 INFO  CommonLocatorsAndMethod:950 - Clicked on Cancel Coverage
2024-02-02 17:02:423 INFO  CommonLocatorsAndMethod:959 - Verify created Coverage Name
2024-02-02 17:02:565 INFO  CommonLocatorsAndMethod:942 - Clicked on Save Coverage
2024-02-02 17:02:630 INFO  BaseClass:110 - addCoverage test is pass
2024-02-02 17:02:631 INFO  BaseClass:117 - addCoverage - is Finished.
2024-02-02 17:02:798 INFO  BaseClass:96 - addSchedule test is Started
2024-02-02 17:02:258 INFO  CommonLocatorsAndMethod:979 - Clicked on Class Navigation
2024-02-02 17:02:540 INFO  CommonLocatorsAndMethod:950 - Clicked on Cancel Coverage
2024-02-02 17:02:661 INFO  CommonLocatorsAndMethod:988 - Clicked on Edit Schedule
2024-02-02 17:02:665 INFO  CommonLocatorsAndMethod:959 - Verify created Coverage Name
2024-02-02 17:02:916 INFO  BaseClass:110 - addCoverage test is pass
2024-02-02 17:02:917 INFO  BaseClass:117 - addCoverage - is Finished.
2024-02-02 17:02:117 INFO  BaseClass:96 - addSchedule test is Started
2024-02-02 17:02:785 INFO  CommonLocatorsAndMethod:979 - Clicked on Class Navigation
2024-02-02 17:02:870 INFO  CommonLocatorsAndMethod:998 - Clicked on Add Single Schedule
2024-02-02 17:02:286 INFO  CommonLocatorsAndMethod:988 - Clicked on Edit Schedule
2024-02-02 17:02:163 INFO  CommonLocatorsAndMethod:998 - Clicked on Add Single Schedule
2024-02-02 17:02:103 INFO  CommonLocatorsAndMethod:1004 - Clicked on Single Schedule Search
2024-02-02 17:02:405 INFO  CommonLocatorsAndMethod:1004 - Clicked on Single Schedule Search
2024-02-02 17:02:414 INFO  CommonLocatorsAndMethod:1012 - Add Single Schedule Data
2024-02-02 17:02:399 INFO  CommonLocatorsAndMethod:1012 - Add Single Schedule Data
2024-02-02 17:02:547 INFO  CommonLocatorsAndMethod:1017 - Clicked on Save Single Schedule
2024-02-02 17:02:886 INFO  CommonLocatorsAndMethod:1017 - Clicked on Save Single Schedule
2024-02-02 17:02:853 INFO  CommonLocatorsAndMethod:1027 - Clicked on Edit Schedule Again
2024-02-02 17:02:683 INFO  CommonLocatorsAndMethod:1027 - Clicked on Edit Schedule Again
2024-02-02 17:02:318 INFO  BaseClass:69 - chrome : is launched successfully
2024-02-02 17:02:615 INFO  BaseClass:89 - Enter URL : https://test-v2-eh.ebixexchange.com/login
2024-02-02 17:02:934 INFO  BaseClass:96 - login test is Started
2024-02-02 17:02:968 INFO  LoginPage:103 - Enter Username : pankaj.yadav
2024-02-02 17:02:353 INFO  LoginPage:109 - Enter Password : Ebix@123
2024-02-02 17:02:743 INFO  LoginPage:114 - Clicked on Login
2024-02-02 17:02:557 INFO  BaseClass:110 - login test is pass
2024-02-02 17:02:559 INFO  BaseClass:117 - login - is Finished.
2024-02-02 17:02:619 INFO  BaseClass:96 - createNewPolicy test is Started
2024-02-02 17:02:929 INFO  CommonLocatorsAndMethod:484 - Clicked on Policy
2024-02-02 17:02:626 INFO  CommonLocatorsAndMethod:490 - Clicked on Add Policy
2024-02-02 17:02:717 INFO  CommonLocatorsAndMethod:500 - Clicked on Entity Grid
2024-02-02 17:02:131 INFO  CommonLocatorsAndMethod:506 - Select Entity
2024-02-02 17:02:452 INFO  CommonLocatorsAndMethod:511 - Clicked on Class Grid
2024-02-02 17:02:105 INFO  CommonLocatorsAndMethod:523 - Select Class - [[ChromeDriver: chrome on windows (5b871ecf8328d01117142ad34e8b18e4)] -> xpath: //span[text()=' Cyber ']]
2024-02-02 17:02:750 INFO  CommonLocatorsAndMethod:523 - Select Class - [[ChromeDriver: chrome on windows (5b871ecf8328d01117142ad34e8b18e4)] -> xpath: //span[text()=' Cyber ']]
2024-02-02 17:02:277 INFO  CommonLocatorsAndMethod:532 - Clicked on Perils Grid
2024-02-02 17:02:852 INFO  CommonLocatorsAndMethod:539 - Enter Policy Reference : Policy_02022024_08
2024-02-02 17:02:969 INFO  CommonLocatorsAndMethod:546 - Enter Assured : Assured_08
2024-02-02 17:02:114 INFO  CommonLocatorsAndMethod:549 - Scroll till other field text
2024-02-02 17:02:59 INFO  CommonLocatorsAndMethod:555 - Clicked on Other Field
2024-02-02 17:02:362 INFO  CommonLocatorsAndMethod:561 - Clicked on Coverage Rule
2024-02-02 17:02:263 INFO  CommonLocatorsAndMethod:568 - Clicked on Save
2024-02-02 17:02:851 INFO  CommonLocatorsAndMethod:572 - Clicked on Policy Navigation Link
2024-02-02 17:02:228 INFO  CommonLocatorsAndMethod:578 - Verify created Policy
2024-02-02 17:02:235 INFO  BaseClass:110 - createNewPolicy test is pass
2024-02-02 17:02:236 INFO  BaseClass:117 - createNewPolicy - is Finished.
2024-02-02 17:02:303 INFO  BaseClass:96 - addNewLimitGroup test is Started
2024-02-02 17:02:160 INFO  CommonLocatorsAndMethod:725 - Clicked on Terms Navigation
2024-02-02 17:02:600 INFO  CommonLocatorsAndMethod:730 - Clicked on Terms Edit
2024-02-02 17:02:142 INFO  CommonLocatorsAndMethod:735 - Clicked on Add Limit Group
2024-02-02 17:02:214 INFO  CommonLocatorsAndMethod:741 - Enter Limit Group Name : GNPolicy08
2024-02-02 17:02:456 INFO  CommonLocatorsAndMethod:746 - Clicked on Add Rule Limit Group
2024-02-02 17:02:759 INFO  CommonLocatorsAndMethod:752 - Clicked on Country Name
2024-02-02 17:02:219 INFO  CommonLocatorsAndMethod:755 - Enter Country Name : Australia
2024-02-02 17:02:578 INFO  CommonLocatorsAndMethod:760 - Clicked on Preview Group
2024-02-02 17:02:993 INFO  CommonLocatorsAndMethod:765 - Clicked on Save Group
2024-02-02 17:02:283 INFO  CommonLocatorsAndMethod:770 - Clicked on Save Terms
2024-02-02 17:02:167 INFO  CommonLocatorsAndMethod:780 - Verify created Group Name
2024-02-02 17:02:192 INFO  BaseClass:110 - addNewLimitGroup test is pass
2024-02-02 17:02:198 INFO  BaseClass:117 - addNewLimitGroup - is Finished.
2024-02-02 17:02:259 INFO  BaseClass:96 - addNewLimit test is Started
2024-02-02 17:02:667 INFO  CommonLocatorsAndMethod:863 - Clicked on Edit Terms
2024-02-02 17:02:91 INFO  CommonLocatorsAndMethod:870 - Clicked on Add New Limit
2024-02-02 17:02:748 INFO  CommonLocatorsAndMethod:881 - Clicked on Save Terms
2024-02-02 17:02:765 INFO  BaseClass:110 - addNewLimit test is pass
2024-02-02 17:02:766 INFO  BaseClass:117 - addNewLimit - is Finished.
2024-02-02 17:02:791 INFO  BaseClass:96 - addCoverage test is Started
2024-02-02 17:02:549 INFO  CommonLocatorsAndMethod:896 - Clicked on Coverage Navigation
2024-02-02 17:02:240 INFO  CommonLocatorsAndMethod:903 - Clicked on Coverage Edit
2024-02-02 17:02:864 INFO  CommonLocatorsAndMethod:908 - Clicked on Add Coverage Group
2024-02-02 17:02:977 INFO  CommonLocatorsAndMethod:914 - Enter Coverage Name : Coverage08
2024-02-02 17:02:288 INFO  CommonLocatorsAndMethod:921 - Clicked on Add Rule Coverage
2024-02-02 17:02:500 INFO  CommonLocatorsAndMethod:927 - Clicked on Country Name
2024-02-02 17:02:933 INFO  CommonLocatorsAndMethod:930 - Enter Country Name : Australia
2024-02-02 17:02:294 INFO  CommonLocatorsAndMethod:936 - Clicked on Preview Group
2024-02-02 17:02:711 INFO  CommonLocatorsAndMethod:942 - Clicked on Save Coverage
2024-02-02 17:02:528 INFO  CommonLocatorsAndMethod:950 - Clicked on Cancel Coverage
2024-02-02 17:02:733 INFO  CommonLocatorsAndMethod:959 - Verify created Coverage Name
2024-02-02 17:02:839 INFO  BaseClass:110 - addCoverage test is pass
2024-02-02 17:02:840 INFO  BaseClass:117 - addCoverage - is Finished.
2024-02-02 17:02:893 INFO  BaseClass:96 - addBulkSchedule10 test is Started
2024-02-02 17:02:96 INFO  CommonLocatorsAndMethod:1164 - Clicked on Class Navigation
2024-02-02 17:02:95 INFO  CommonLocatorsAndMethod:1172 - Clicked on Edit Schedule
2024-02-02 17:02:941 INFO  CommonLocatorsAndMethod:1177 - Clicked on Add Bulk Schedule
2024-02-02 17:02:599 INFO  CommonLocatorsAndMethod:1185 - Enter Country Name : Australia
2024-02-02 17:02:993 INFO  CommonLocatorsAndMethod:1192 - Select Data 1
2024-02-02 17:02:178 INFO  CommonLocatorsAndMethod:1197 - Select Data 2
2024-02-02 17:02:877 INFO  CommonLocatorsAndMethod:1204 - Select Data 3
2024-02-02 17:02:79 INFO  CommonLocatorsAndMethod:1209 - Select Data 4
2024-02-02 17:02:710 INFO  CommonLocatorsAndMethod:1215 - Select Data 5
2024-02-02 17:02:393 INFO  CommonLocatorsAndMethod:1221 - Select Data 6
2024-02-02 17:02:60 INFO  CommonLocatorsAndMethod:1227 - Select Data 7
2024-02-02 17:02:738 INFO  CommonLocatorsAndMethod:1233 - Select Data 8
2024-02-02 17:02:916 INFO  CommonLocatorsAndMethod:1240 - Select Data 9
2024-02-02 17:02:582 INFO  CommonLocatorsAndMethod:1246 - Select Data 10
2024-02-02 17:02:911 INFO  CommonLocatorsAndMethod:1249 - Clicked on Apply (Bulk Schedule)
2024-02-02 17:02:662 INFO  CommonLocatorsAndMethod:1253 - Clicked on Close (Bulk Schedule)
2024-02-02 17:02:96 INFO  CommonLocatorsAndMethod:1257 - Clicked on Save (Bulk Schedule)
2024-02-02 17:02:191 INFO  CommonLocatorsAndMethod:1268 - Clicked on Edit Schedule Again
2024-02-02 17:02:931 INFO  CommonLocatorsAndMethod:1283 - Clicked on Save Schedule
2024-02-02 17:02:693 INFO  CommonLocatorsAndMethod:1292 - Clicked on Schedule Navigation
2024-02-02 17:02:715 INFO  BaseClass:110 - addBulkSchedule10 test is pass
2024-02-02 17:02:717 INFO  BaseClass:117 - addBulkSchedule10 - is Finished.
2024-02-02 17:02:784 INFO  BaseClass:96 - deleteSchedule test is Started
2024-02-02 17:02:973 INFO  CommonLocatorsAndMethod:1737 - Clicked on Schedule Navigation
2024-02-02 17:02:297 INFO  CommonLocatorsAndMethod:1757 - Clicked on Edit Schedule
2024-02-02 17:02:927 INFO  CommonLocatorsAndMethod:1784 - Clicked on Row Action
2024-02-02 17:02:210 INFO  CommonLocatorsAndMethod:1792 - Clicked on Option Delete
2024-02-02 17:02:694 INFO  CommonLocatorsAndMethod:1800 - Clicked on Confirmation - Yes
2024-02-02 17:02:134 INFO  CommonLocatorsAndMethod:1831 - Clicked on Save Schedule
2024-02-02 17:02:141 INFO  BaseClass:110 - deleteSchedule test is pass
2024-02-02 17:02:144 INFO  BaseClass:117 - deleteSchedule - is Finished.
