2024-01-30 16:01:686 INFO  BaseClass:69 - chrome : is launched successfully
2024-01-30 16:01:943 INFO  BaseClass:89 - Enter URL : https://test-v2-eh.ebixexchange.com/login
2024-01-30 16:01:560 INFO  BaseClass:96 - login test is Started
2024-01-30 16:01:232 INFO  LoginPage:102 - Enter Username : pankaj.yadav
2024-01-30 16:01:545 INFO  LoginPage:107 - Enter Password : Ebix@123
2024-01-30 16:01:763 INFO  LoginPage:111 - Clicked on Login
2024-01-30 16:01:96 INFO  BaseClass:110 - login test is pass
2024-01-30 16:01:101 INFO  BaseClass:117 - login - is Finished.
2024-01-30 16:01:222 INFO  BaseClass:96 - createNewPolicy test is Started
2024-01-30 16:01:596 INFO  CommonLocatorsAndMethod:482 - Clicked on Policy
2024-01-30 16:01:744 INFO  CommonLocatorsAndMethod:488 - Clicked on Add Policy
2024-01-30 16:01:940 INFO  CommonLocatorsAndMethod:498 - Clicked on Entity Grid
2024-01-30 16:01:336 INFO  CommonLocatorsAndMethod:504 - Select Entity
2024-01-30 16:01:665 INFO  CommonLocatorsAndMethod:509 - Clicked on Class Grid
2024-01-30 16:01:327 INFO  CommonLocatorsAndMethod:521 - Select Class - [[ChromeDriver: chrome on windows (5e5de2f457a63b054794c2c5b1069ccb)] -> xpath: //span[text()=' Offshore Renewables ']]
2024-01-30 16:01:872 INFO  CommonLocatorsAndMethod:530 - Clicked on Perils Grid
2024-01-30 16:01:894 INFO  CommonLocatorsAndMethod:537 - Enter Policy Reference : Policy_30012024_S07
2024-01-30 16:01:269 INFO  CommonLocatorsAndMethod:544 - Enter Assured : Assured_S07
2024-01-30 16:01:358 INFO  CommonLocatorsAndMethod:547 - Scroll till other field text
2024-01-30 16:01:620 INFO  CommonLocatorsAndMethod:553 - Clicked on Other Field
2024-01-30 16:01:158 INFO  CommonLocatorsAndMethod:559 - Clicked on Coverage Rule
2024-01-30 16:01:473 INFO  CommonLocatorsAndMethod:566 - Clicked on Save
2024-01-30 16:01:361 INFO  CommonLocatorsAndMethod:570 - Clicked on Policy Navigation Link
2024-01-30 16:01:845 INFO  CommonLocatorsAndMethod:576 - Verify created Policy
2024-01-30 16:01:854 INFO  BaseClass:110 - createNewPolicy test is pass
2024-01-30 16:01:855 INFO  BaseClass:117 - createNewPolicy - is Finished.
2024-01-30 16:01:940 INFO  BaseClass:96 - addNewLimitGroup test is Started
2024-01-30 16:01:281 INFO  CommonLocatorsAndMethod:723 - Clicked on Terms Navigation
2024-01-30 16:01:874 INFO  CommonLocatorsAndMethod:728 - Clicked on Terms Edit
2024-01-30 16:01:699 INFO  CommonLocatorsAndMethod:733 - Clicked on Add Limit Group
2024-01-30 16:01:91 INFO  CommonLocatorsAndMethod:739 - Enter Limit Group Name : GNPolicyS07
2024-01-30 16:01:407 INFO  CommonLocatorsAndMethod:744 - Clicked on Add Rule Limit Group
2024-01-30 16:01:647 INFO  CommonLocatorsAndMethod:750 - Clicked on Country Name
2024-01-30 16:01:300 INFO  CommonLocatorsAndMethod:753 - Enter Country Name : United States
2024-01-30 16:01:773 INFO  CommonLocatorsAndMethod:758 - Clicked on Preview Group
2024-01-30 16:01:190 INFO  CommonLocatorsAndMethod:763 - Clicked on Save Group
2024-01-30 16:01:740 INFO  CommonLocatorsAndMethod:768 - Clicked on Save Terms
2024-01-30 16:01:837 INFO  CommonLocatorsAndMethod:778 - Verify created Group Name
2024-01-30 16:01:852 INFO  BaseClass:110 - addNewLimitGroup test is pass
2024-01-30 16:01:853 INFO  BaseClass:117 - addNewLimitGroup - is Finished.
2024-01-30 16:01:923 INFO  BaseClass:96 - addNewLimit test is Started
2024-01-30 16:01:326 INFO  CommonLocatorsAndMethod:861 - Clicked on Edit Terms
2024-01-30 16:01:879 INFO  CommonLocatorsAndMethod:868 - Clicked on Add New Limit
2024-01-30 16:01:829 INFO  CommonLocatorsAndMethod:879 - Clicked on Save Terms
2024-01-30 16:01:627 INFO  BaseClass:110 - addNewLimit test is pass
2024-01-30 16:01:628 INFO  BaseClass:117 - addNewLimit - is Finished.
2024-01-30 16:01:647 INFO  BaseClass:96 - addCoverage test is Started
2024-01-30 16:01:322 INFO  CommonLocatorsAndMethod:894 - Clicked on Coverage Navigation
2024-01-30 16:01:413 INFO  CommonLocatorsAndMethod:901 - Clicked on Coverage Edit
2024-01-30 16:01:924 INFO  CommonLocatorsAndMethod:906 - Clicked on Add Coverage Group
2024-01-30 16:01:376 INFO  CommonLocatorsAndMethod:912 - Enter Coverage Name : CoverageS07
2024-01-30 16:01:653 INFO  CommonLocatorsAndMethod:919 - Clicked on Add Rule Coverage
2024-01-30 16:01:887 INFO  CommonLocatorsAndMethod:925 - Clicked on Country Name
2024-01-30 16:01:518 INFO  CommonLocatorsAndMethod:928 - Enter Country Name : United States
2024-01-30 16:01:127 INFO  CommonLocatorsAndMethod:934 - Clicked on Preview Group
2024-01-30 16:01:547 INFO  CommonLocatorsAndMethod:940 - Clicked on Save Coverage
2024-01-30 16:01:171 INFO  CommonLocatorsAndMethod:948 - Clicked on Cancel Coverage
2024-01-30 16:01:294 INFO  CommonLocatorsAndMethod:957 - Verify created Coverage Name
2024-01-30 16:01:386 INFO  BaseClass:110 - addCoverage test is pass
2024-01-30 16:01:388 INFO  BaseClass:117 - addCoverage - is Finished.
2024-01-30 16:01:470 INFO  BaseClass:96 - importOffshoreSchedule test is Started
2024-01-30 16:01:803 INFO  CommonLocatorsAndMethod:2618 - Clicked on Class Navigation
2024-01-30 16:01:278 INFO  CommonLocatorsAndMethod:2628 - Clicked on Edit Schedule
2024-01-30 16:01:724 INFO  CommonLocatorsAndMethod:2641 - Clicked on Import Button
2024-01-30 16:01:904 INFO  CommonLocatorsAndMethod:2644 - File Uploaded : \src\test\resources\importData\Offshore_1000_Rows.xls
2024-01-30 16:01:206 INFO  CommonLocatorsAndMethod:2678 - Clicked on Continue
2024-01-30 16:01:427 INFO  CommonLocatorsAndMethod:2684 - Clicked on Import
2024-01-30 16:01:731 INFO  CommonLocatorsAndMethod:2690 - Clicked on Refresh
2024-01-30 16:01:943 INFO  CommonLocatorsAndMethod:2697 - Clicked on Finish
2024-01-30 16:01:183 INFO  CommonLocatorsAndMethod:2705 - Clicked on Confirmation - Yes
2024-01-30 16:01:682 INFO  CommonLocatorsAndMethod:2714 - Clicked on Schedule Navigation
2024-01-30 16:01:428 INFO  BaseClass:110 - importOffshoreSchedule test is pass
2024-01-30 16:01:430 INFO  BaseClass:117 - importOffshoreSchedule - is Finished.
