2024-02-08 10:02:945 INFO  BaseClass:68 - chrome : is launched successfully
2024-02-08 10:02:611 INFO  BaseClass:90 - Enter URL : https://test-eh.ebixexchange.com/login
2024-02-08 10:02:914 INFO  BaseClass:97 - verifyLoginURL test is Started
2024-02-08 10:02:945 INFO  LoginPage:62 - Verify URL
2024-02-08 10:02:972 INFO  BaseClass:111 - verifyLoginURL test is pass
2024-02-08 10:02:974 INFO  BaseClass:118 - verifyLoginURL - is Finished.
2024-02-08 10:02:65 INFO  BaseClass:97 - verifyLoginPageTitle test is Started
2024-02-08 10:02:74 INFO  LoginPage:67 - Verify login page Title
2024-02-08 10:02:136 INFO  BaseClass:111 - verifyLoginPageTitle test is pass
2024-02-08 10:02:138 INFO  BaseClass:118 - verifyLoginPageTitle - is Finished.
2024-02-08 10:02:192 INFO  BaseClass:97 - verifyUserIdLabel test is Started
2024-02-08 10:02:198 INFO  LoginPage:72 - Verify User ID Label
2024-02-08 10:02:290 INFO  BaseClass:111 - verifyUserIdLabel test is pass
2024-02-08 10:02:293 INFO  BaseClass:118 - verifyUserIdLabel - is Finished.
2024-02-08 10:02:325 INFO  BaseClass:97 - verifyPasswordLabel test is Started
2024-02-08 10:02:329 INFO  LoginPage:77 - Verify Password Label
2024-02-08 10:02:403 INFO  BaseClass:111 - verifyPasswordLabel test is pass
2024-02-08 10:02:404 INFO  BaseClass:118 - verifyPasswordLabel - is Finished.
2024-02-08 10:02:433 INFO  BaseClass:97 - verifyLoginButtonText test is Started
2024-02-08 10:02:438 INFO  LoginPage:81 - Verify Login Button Text
2024-02-08 10:02:494 INFO  BaseClass:111 - verifyLoginButtonText test is pass
2024-02-08 10:02:494 INFO  BaseClass:118 - verifyLoginButtonText - is Finished.
2024-02-08 10:02:629 INFO  BaseClass:97 - verifyPoweredByText test is Started
2024-02-08 10:02:633 INFO  LoginPage:85 - Verify Powered By Text
2024-02-08 10:02:693 INFO  BaseClass:111 - verifyPoweredByText test is pass
2024-02-08 10:02:693 INFO  BaseClass:118 - verifyPoweredByText - is Finished.
2024-02-08 10:02:722 INFO  BaseClass:97 - doLogin test is Started
2024-02-08 10:02:318 INFO  LoginPage:94 - Enter Username : suneel.k
2024-02-08 10:02:708 INFO  LoginPage:100 - Enter Password : ebix@123
2024-02-08 10:02:918 INFO  LoginPage:105 - Clicked on Login
2024-02-08 10:02:863 INFO  BaseClass:111 - doLogin test is pass
2024-02-08 10:02:864 INFO  BaseClass:118 - doLogin - is Finished.
2024-02-08 10:02:879 INFO  BaseClass:97 - verifyUserLogin test is Started
2024-02-08 10:02:887 INFO  LoginPage:116 - Verify User Login
2024-02-08 10:02:187 INFO  BaseClass:111 - verifyUserLogin test is pass
2024-02-08 10:02:187 INFO  BaseClass:118 - verifyUserLogin - is Finished.
2024-02-08 10:02:844 INFO  BaseClass:68 - chrome : is launched successfully
2024-02-08 10:02:481 INFO  BaseClass:90 - Enter URL : https://test-eh.ebixexchange.com/login
2024-02-08 10:02:820 INFO  BaseClass:97 - login test is Started
2024-02-08 10:02:631 INFO  LoginPage:94 - Enter Username : suneel.k
2024-02-08 10:02:20 INFO  LoginPage:100 - Enter Password : ebix@123
2024-02-08 10:02:272 INFO  LoginPage:105 - Clicked on Login
2024-02-08 10:02:753 INFO  BaseClass:111 - login test is pass
2024-02-08 10:02:756 INFO  BaseClass:118 - login - is Finished.
2024-02-08 10:02:828 INFO  BaseClass:97 - createNewPolicy test is Started
2024-02-08 10:02:953 INFO  CommonLocatorsAndMethod:389 - Clicked on Policy
2024-02-08 10:02:529 INFO  CommonLocatorsAndMethod:394 - Clicked on Add Policy
2024-02-08 10:02:124 INFO  CommonLocatorsAndMethod:403 - Clicked on Entity Grid
2024-02-08 10:02:448 INFO  CommonLocatorsAndMethod:408 - Select Entity
2024-02-08 10:02:766 INFO  CommonLocatorsAndMethod:412 - Clicked on Class Grid
2024-02-08 10:02:747 INFO  CommonLocatorsAndMethod:424 - Select Class - [[ChromeDriver: chrome on windows (bf3f743a7d106e57a68c5da4d9a57282)] -> xpath: //span[text()=' Offshore ']]
2024-02-08 10:02:500 INFO  CommonLocatorsAndMethod:424 - Select Class - [[ChromeDriver: chrome on windows (bf3f743a7d106e57a68c5da4d9a57282)] -> xpath: //span[text()=' Terrorism ']]
2024-02-08 10:02:22 INFO  CommonLocatorsAndMethod:433 - Clicked on Perils Grid
2024-02-08 10:02:66 INFO  CommonLocatorsAndMethod:440 - Enter Policy Reference : Policy_08022024_S01
2024-02-08 10:02:729 INFO  CommonLocatorsAndMethod:445 - Enter Assured : Assured_S01
2024-02-08 10:02:802 INFO  CommonLocatorsAndMethod:448 - Scroll till other field text
2024-02-08 10:02:403 INFO  CommonLocatorsAndMethod:453 - Clicked on Other Field
2024-02-08 10:02:405 INFO  CommonLocatorsAndMethod:460 - Clicked on Save
2024-02-08 10:02:178 INFO  CommonLocatorsAndMethod:465 - Clicked on Policy Navigation Link
2024-02-08 10:02:809 INFO  CommonLocatorsAndMethod:471 - Verify created Policy
2024-02-08 10:02:817 INFO  BaseClass:111 - createNewPolicy test is pass
2024-02-08 10:02:819 INFO  BaseClass:118 - createNewPolicy - is Finished.
2024-02-08 10:02:936 INFO  BaseClass:97 - addNewLimitGroup test is Started
2024-02-08 10:02:398 INFO  CommonLocatorsAndMethod:726 - Clicked on Terms Navigation
2024-02-08 10:02:583 INFO  CommonLocatorsAndMethod:731 - Clicked on Terms Edit
2024-02-08 10:02:431 INFO  CommonLocatorsAndMethod:736 - Clicked on Add Limit Group
2024-02-08 10:02:390 INFO  CommonLocatorsAndMethod:742 - Enter Limit Group Name : GNPolicyS01
2024-02-08 10:02:664 INFO  CommonLocatorsAndMethod:747 - Clicked on Add Rule Limit Group
2024-02-08 10:02:966 INFO  CommonLocatorsAndMethod:753 - Clicked on Country Name
2024-02-08 10:02:357 INFO  CommonLocatorsAndMethod:756 - Enter Country Name : Australia
2024-02-08 10:02:688 INFO  CommonLocatorsAndMethod:761 - Clicked on Preview Group
2024-02-08 10:02:106 INFO  CommonLocatorsAndMethod:766 - Clicked on Save Group
2024-02-08 10:02:745 INFO  CommonLocatorsAndMethod:771 - Clicked on Save Terms
2024-02-08 10:02:783 INFO  CommonLocatorsAndMethod:784 - Verify created Group Name
2024-02-08 10:02:793 INFO  BaseClass:111 - addNewLimitGroup test is pass
2024-02-08 10:02:796 INFO  BaseClass:118 - addNewLimitGroup - is Finished.
2024-02-08 10:02:901 INFO  BaseClass:97 - addNewLimit test is Started
2024-02-08 10:02:293 INFO  CommonLocatorsAndMethod:867 - Clicked on Edit Terms
2024-02-08 10:02:777 INFO  CommonLocatorsAndMethod:874 - Clicked on Add New Limit
2024-02-08 10:02:319 INFO  CommonLocatorsAndMethod:885 - Clicked on Save Terms
2024-02-08 10:02:679 INFO  BaseClass:111 - addNewLimit test is pass
2024-02-08 10:02:680 INFO  BaseClass:118 - addNewLimit - is Finished.
2024-02-08 10:02:710 INFO  BaseClass:97 - addCyberSchedule test is Started
2024-02-08 10:02:614 INFO  CommonLocatorsAndMethod:1065 - Clicked on Class Navigation
2024-02-08 10:02:552 INFO  CommonLocatorsAndMethod:1074 - Clicked on Edit Schedule
2024-02-08 10:02:106 INFO  CommonLocatorsAndMethod:1079 - Clicked on Add Bulk Schedule
2024-02-08 10:02:275 INFO  CommonLocatorsAndMethod:1088 - Enter Country Name : Australia
2024-02-08 10:02:522 INFO  CommonLocatorsAndMethod:1099 - Select Data 1
2024-02-08 10:02:675 INFO  CommonLocatorsAndMethod:1106 - Select Data 2
2024-02-08 10:02:247 INFO  CommonLocatorsAndMethod:1111 - Clicked on Apply (Schedule)
2024-02-08 10:02:558 INFO  CommonLocatorsAndMethod:1115 - Clicked on Close (Schedule)
2024-02-08 10:02:701 INFO  CommonLocatorsAndMethod:1118 - Clicked on Save (Schedule)
2024-02-08 10:02:298 INFO  CommonLocatorsAndMethod:1128 - Clicked on Edit Schedule Again
2024-02-08 10:02:745 INFO  CommonLocatorsAndMethod:1143 - Clicked on Save Schedule
2024-02-08 10:02:567 INFO  CommonLocatorsAndMethod:1152 - Clicked on Policy Navigation
2024-02-08 10:02:581 INFO  BaseClass:111 - addCyberSchedule test is pass
2024-02-08 10:02:583 INFO  BaseClass:118 - addCyberSchedule - is Finished.
2024-02-08 10:02:645 INFO  BaseClass:97 - addOffshoreSchedule test is Started
2024-02-08 10:02:960 INFO  CommonLocatorsAndMethod:1065 - Clicked on Class Navigation
2024-02-08 10:02:286 INFO  CommonLocatorsAndMethod:1074 - Clicked on Edit Schedule
2024-02-08 10:02:775 INFO  CommonLocatorsAndMethod:1079 - Clicked on Add Bulk Schedule
2024-02-08 10:02:29 INFO  CommonLocatorsAndMethod:1088 - Enter Country Name : Bangladesh
2024-02-08 10:02:272 INFO  CommonLocatorsAndMethod:1099 - Select Data 1
2024-02-08 10:02:432 INFO  CommonLocatorsAndMethod:1106 - Select Data 2
2024-02-08 10:02:961 INFO  CommonLocatorsAndMethod:1111 - Clicked on Apply (Schedule)
2024-02-08 10:02:846 INFO  CommonLocatorsAndMethod:1115 - Clicked on Close (Schedule)
2024-02-08 10:02:347 INFO  CommonLocatorsAndMethod:1118 - Clicked on Save (Schedule)
2024-02-08 10:02:26 INFO  CommonLocatorsAndMethod:1128 - Clicked on Edit Schedule Again
2024-02-08 10:02:407 INFO  CommonLocatorsAndMethod:1143 - Clicked on Save Schedule
2024-02-08 10:02:35 INFO  CommonLocatorsAndMethod:1152 - Clicked on Policy Navigation
2024-02-08 10:02:51 INFO  BaseClass:111 - addOffshoreSchedule test is pass
2024-02-08 10:02:61 INFO  BaseClass:118 - addOffshoreSchedule - is Finished.
2024-02-08 10:02:122 INFO  BaseClass:97 - addOffshoreRenewablesSchedule test is Started
2024-02-08 10:02:450 INFO  CommonLocatorsAndMethod:1065 - Clicked on Class Navigation
2024-02-08 10:02:148 INFO  CommonLocatorsAndMethod:1074 - Clicked on Edit Schedule
2024-02-08 10:02:627 INFO  CommonLocatorsAndMethod:1079 - Clicked on Add Bulk Schedule
2024-02-08 10:02:310 INFO  CommonLocatorsAndMethod:1088 - Enter Country Name : 
2024-02-08 10:02:553 INFO  CommonLocatorsAndMethod:1099 - Select Data 1
2024-02-08 10:02:741 INFO  CommonLocatorsAndMethod:1106 - Select Data 2
2024-02-08 10:02:188 INFO  CommonLocatorsAndMethod:1111 - Clicked on Apply (Schedule)
2024-02-08 10:02:830 INFO  CommonLocatorsAndMethod:1115 - Clicked on Close (Schedule)
2024-02-08 10:02:261 INFO  CommonLocatorsAndMethod:1118 - Clicked on Save (Schedule)
2024-02-08 10:02:992 INFO  CommonLocatorsAndMethod:1128 - Clicked on Edit Schedule Again
2024-02-08 10:02:388 INFO  CommonLocatorsAndMethod:1143 - Clicked on Save Schedule
2024-02-08 10:02:944 INFO  CommonLocatorsAndMethod:1152 - Clicked on Policy Navigation
2024-02-08 10:02:960 INFO  BaseClass:111 - addOffshoreRenewablesSchedule test is pass
2024-02-08 10:02:963 INFO  BaseClass:118 - addOffshoreRenewablesSchedule - is Finished.
2024-02-08 10:02:178 INFO  BaseClass:68 - chrome : is launched successfully
2024-02-08 10:02:142 INFO  BaseClass:90 - Enter URL : https://test-eh.ebixexchange.com/login
2024-02-08 10:02:724 INFO  BaseClass:97 - login test is Started
2024-02-08 10:02:962 INFO  LoginPage:94 - Enter Username : suneel.k
2024-02-08 10:02:354 INFO  LoginPage:100 - Enter Password : ebix@123
2024-02-08 10:02:576 INFO  LoginPage:105 - Clicked on Login
2024-02-08 10:02:245 INFO  BaseClass:111 - login test is pass
2024-02-08 10:02:248 INFO  BaseClass:118 - login - is Finished.
2024-02-08 10:02:337 INFO  BaseClass:97 - searchPolicy test is Started
2024-02-08 10:02:685 INFO  CommonLocatorsAndMethod:1391 - Clicked on Policy Link from Home Page
2024-02-08 10:02:804 INFO  CommonLocatorsAndMethod:1400 - Clicked on Search Input Box
2024-02-08 10:02:705 INFO  CommonLocatorsAndMethod:1405 - Enter Policy Number : Policy_08022024_S01
2024-02-08 10:02:797 INFO  CommonLocatorsAndMethod:1410 - Verify Searched Policy
2024-02-08 10:02:955 INFO  CommonLocatorsAndMethod:1569 - Clicked on Searched Policy Data
2024-02-08 10:02:474 INFO  CommonLocatorsAndMethod:1573 - Clicked on Policy Navigation
2024-02-08 10:02:516 INFO  BaseClass:111 - searchPolicy test is pass
2024-02-08 10:02:522 INFO  BaseClass:118 - searchPolicy - is Finished.
2024-02-08 10:02:750 INFO  BaseClass:97 - editPolicyDetails test is Started
2024-02-08 10:02:920 INFO  CommonLocatorsAndMethod:676 - Clicked on Policy Navigation
2024-02-08 10:02:978 INFO  CommonLocatorsAndMethod:680 - Scroll - Edit
2024-02-08 10:02:109 INFO  CommonLocatorsAndMethod:683 - Clicked on Edit
2024-02-08 10:02:174 INFO  CommonLocatorsAndMethod:687 - Scroll - Policy Reference
2024-02-08 10:02:436 INFO  CommonLocatorsAndMethod:692 - Enter Policy Reference : Policy_08022024_S01update
2024-02-08 10:02:143 INFO  CommonLocatorsAndMethod:698 - Enter Assured : Assured_S01update
2024-02-08 10:02:493 INFO  CommonLocatorsAndMethod:704 - Clicked on Save
2024-02-08 10:02:344 INFO  CommonLocatorsAndMethod:708 - Clicked on Policy Navigation Link
2024-02-08 10:02:422 INFO  CommonLocatorsAndMethod:713 - Verify created Policy
2024-02-08 10:02:427 INFO  BaseClass:111 - editPolicyDetails test is pass
2024-02-08 10:02:428 INFO  BaseClass:118 - editPolicyDetails - is Finished.
2024-02-08 10:02:493 INFO  BaseClass:97 - editLimitGroup test is Started
2024-02-08 10:02:775 INFO  CommonLocatorsAndMethod:798 - Clicked on Terms Navigation
2024-02-08 10:02:471 INFO  CommonLocatorsAndMethod:804 - Clicked on Terms Edit
2024-02-08 10:02:227 INFO  CommonLocatorsAndMethod:814 - Clicked on Edit Limit Group Name and Details
2024-02-08 10:02:411 INFO  CommonLocatorsAndMethod:820 - Enter Limit Group Name : GNPolicyS01update
2024-02-08 10:02:940 INFO  CommonLocatorsAndMethod:826 - Clicked on Country Name
2024-02-08 10:02:602 INFO  CommonLocatorsAndMethod:830 - Enter Country Name : Australia
2024-02-08 10:02:958 INFO  CommonLocatorsAndMethod:835 - Clicked on Preview Group
2024-02-08 10:02:481 INFO  CommonLocatorsAndMethod:840 - Clicked on Save Group
2024-02-08 10:02:294 INFO  CommonLocatorsAndMethod:845 - Clicked on Save Terms
2024-02-08 10:02:454 INFO  CommonLocatorsAndMethod:853 - Verify created Group Name
2024-02-08 10:02:467 INFO  BaseClass:111 - editLimitGroup test is pass
2024-02-08 10:02:473 INFO  BaseClass:118 - editLimitGroup - is Finished.
2024-02-08 10:02:579 INFO  BaseClass:97 - copyAndCreateNewLimitGroup test is Started
2024-02-08 10:02:804 INFO  CommonLocatorsAndMethod:2277 - Clicked on Terms Navigation
2024-02-08 10:02:105 INFO  CommonLocatorsAndMethod:2281 - Clicked on Edit Terms
2024-02-08 10:02:328 INFO  CommonLocatorsAndMethod:2293 - Clicked on Copy Group Name
2024-02-08 10:02:561 INFO  CommonLocatorsAndMethod:2298 - Clicked on Confirmation - Yes
2024-02-08 10:02:512 INFO  CommonLocatorsAndMethod:2310 - Clicked on Save Terms
2024-02-08 10:02:523 INFO  BaseClass:111 - copyAndCreateNewLimitGroup test is pass
2024-02-08 10:02:525 INFO  BaseClass:118 - copyAndCreateNewLimitGroup - is Finished.
2024-02-08 10:02:584 INFO  BaseClass:97 - copyAndCreateNewLimit test is Started
2024-02-08 10:02:901 INFO  CommonLocatorsAndMethod:2324 - Clicked on Terms Navigation
2024-02-08 10:02:216 INFO  CommonLocatorsAndMethod:2329 - Clicked on Edit Terms
2024-02-08 10:02:511 INFO  CommonLocatorsAndMethod:2341 - Clicked on Copy Limit
2024-02-08 10:02:326 INFO  CommonLocatorsAndMethod:2357 - Clicked on Save Terms
2024-02-08 10:02:329 INFO  BaseClass:111 - copyAndCreateNewLimit test is pass
2024-02-08 10:02:331 INFO  BaseClass:118 - copyAndCreateNewLimit - is Finished.
2024-02-08 10:02:389 INFO  BaseClass:97 - editCyberSchedule test is Started
2024-02-08 10:02:627 INFO  CommonLocatorsAndMethod:2419 - Clicked on Schedule Navigation
2024-02-08 10:02:977 INFO  CommonLocatorsAndMethod:2428 - Clicked on Edit Schedule
2024-02-08 10:02:310 INFO  CommonLocatorsAndMethod:2436 - Clicked on Row Action
2024-02-08 10:02:761 INFO  CommonLocatorsAndMethod:2441 - Clicked on Row Action - Edit
2024-02-08 10:02:532 INFO  CommonLocatorsAndMethod:2453 - Select Option Data : Assured Interest
2024-02-08 10:02:959 INFO  CommonLocatorsAndMethod:2458 - Option Input Data : 80
2024-02-08 10:02:533 INFO  CommonLocatorsAndMethod:2463 - Clicked on Preview
2024-02-08 10:02:221 INFO  CommonLocatorsAndMethod:2468 - Clicked on Save
2024-02-08 10:02:820 INFO  CommonLocatorsAndMethod:2473 - Clicked on Cancel
2024-02-08 10:02:66 INFO  CommonLocatorsAndMethod:2478 - Clicked on Save Terms
2024-02-08 10:02:332 INFO  BaseClass:111 - editCyberSchedule test is pass
2024-02-08 10:02:338 INFO  BaseClass:118 - editCyberSchedule - is Finished.
2024-02-08 10:02:435 INFO  BaseClass:97 - editOffshoreSchedule test is Started
2024-02-08 10:02:705 INFO  CommonLocatorsAndMethod:2419 - Clicked on Schedule Navigation
2024-02-08 10:02:280 INFO  CommonLocatorsAndMethod:2428 - Clicked on Edit Schedule
2024-02-08 10:02:642 INFO  CommonLocatorsAndMethod:2436 - Clicked on Row Action
2024-02-08 10:02:343 INFO  CommonLocatorsAndMethod:2441 - Clicked on Row Action - Edit
2024-02-08 10:02:805 INFO  CommonLocatorsAndMethod:2453 - Select Option Data : Assured Interest
2024-02-08 10:02:229 INFO  CommonLocatorsAndMethod:2458 - Option Input Data : 85
2024-02-08 10:02:784 INFO  CommonLocatorsAndMethod:2463 - Clicked on Preview
2024-02-08 10:02:210 INFO  CommonLocatorsAndMethod:2468 - Clicked on Save
2024-02-08 10:02:757 INFO  CommonLocatorsAndMethod:2473 - Clicked on Cancel
2024-02-08 10:02:567 INFO  CommonLocatorsAndMethod:2478 - Clicked on Save Terms
2024-02-08 10:02:784 INFO  BaseClass:111 - editOffshoreSchedule test is pass
2024-02-08 10:02:800 INFO  BaseClass:118 - editOffshoreSchedule - is Finished.
2024-02-08 10:02:857 INFO  BaseClass:97 - editOffshoreRenewablesSchedule test is Started
2024-02-08 10:02:111 INFO  CommonLocatorsAndMethod:2419 - Clicked on Schedule Navigation
2024-02-08 10:02:416 INFO  CommonLocatorsAndMethod:2428 - Clicked on Edit Schedule
2024-02-08 10:02:696 INFO  CommonLocatorsAndMethod:2436 - Clicked on Row Action
2024-02-08 10:02:32 INFO  CommonLocatorsAndMethod:2441 - Clicked on Row Action - Edit
2024-02-08 10:02:485 INFO  CommonLocatorsAndMethod:2453 - Select Option Data : Assured Interest
2024-02-08 10:02:903 INFO  CommonLocatorsAndMethod:2458 - Option Input Data : 95
2024-02-08 10:02:588 INFO  CommonLocatorsAndMethod:2463 - Clicked on Preview
2024-02-08 10:02:06 INFO  CommonLocatorsAndMethod:2468 - Clicked on Save
2024-02-08 10:02:527 INFO  CommonLocatorsAndMethod:2473 - Clicked on Cancel
2024-02-08 10:02:162 INFO  CommonLocatorsAndMethod:2478 - Clicked on Save Terms
2024-02-08 10:02:381 INFO  BaseClass:111 - editOffshoreRenewablesSchedule test is pass
2024-02-08 10:02:383 INFO  BaseClass:118 - editOffshoreRenewablesSchedule - is Finished.
2024-02-08 10:02:435 INFO  BaseClass:97 - viewPointDataOnMap test is Started
2024-02-08 10:02:746 INFO  CommonLocatorsAndMethod:1308 - Clicked on Map Navigation
2024-02-08 10:02:757 INFO  BaseClass:111 - viewPointDataOnMap test is pass
2024-02-08 10:02:758 INFO  BaseClass:118 - viewPointDataOnMap - is Finished.
2024-02-08 10:02:572 INFO  BaseClass:68 - chrome : is launched successfully
2024-02-08 10:02:234 INFO  BaseClass:90 - Enter URL : https://test-eh.ebixexchange.com/login
2024-02-08 10:02:563 INFO  BaseClass:97 - login test is Started
2024-02-08 10:02:358 INFO  LoginPage:94 - Enter Username : suneel.k
2024-02-08 10:02:794 INFO  LoginPage:100 - Enter Password : ebix@123
2024-02-08 10:02:30 INFO  LoginPage:105 - Clicked on Login
2024-02-08 10:02:429 INFO  BaseClass:111 - login test is pass
2024-02-08 10:02:429 INFO  BaseClass:118 - login - is Finished.
2024-02-08 10:02:467 INFO  BaseClass:97 - searchPolicy test is Started
2024-02-08 10:02:738 INFO  CommonLocatorsAndMethod:1391 - Clicked on Policy Link from Home Page
2024-02-08 10:02:631 INFO  CommonLocatorsAndMethod:1400 - Clicked on Search Input Box
2024-02-08 10:02:759 INFO  CommonLocatorsAndMethod:1405 - Enter Policy Number : Policy_08022024_S01update
2024-02-08 10:02:846 INFO  CommonLocatorsAndMethod:1410 - Verify Searched Policy
2024-02-08 10:02:10 INFO  CommonLocatorsAndMethod:1569 - Clicked on Searched Policy Data
2024-02-08 10:02:294 INFO  CommonLocatorsAndMethod:1573 - Clicked on Policy Navigation
2024-02-08 10:02:322 INFO  BaseClass:111 - searchPolicy test is pass
2024-02-08 10:02:323 INFO  BaseClass:118 - searchPolicy - is Finished.
2024-02-08 10:02:387 INFO  BaseClass:97 - scheduleCyber test is Started
2024-02-08 10:02:659 INFO  S04quickNavigationPage:46 - Clicked on Schedule 1
2024-02-08 10:02:676 INFO  BaseClass:111 - scheduleCyber test is pass
2024-02-08 10:02:677 INFO  BaseClass:118 - scheduleCyber - is Finished.
2024-02-08 10:02:705 INFO  BaseClass:97 - scheduleOffshore test is Started
2024-02-08 10:02:939 INFO  S04quickNavigationPage:56 - Clicked on Schedule 2
2024-02-08 10:02:958 INFO  BaseClass:111 - scheduleOffshore test is pass
2024-02-08 10:02:958 INFO  BaseClass:118 - scheduleOffshore - is Finished.
2024-02-08 10:02:993 INFO  BaseClass:97 - scheduleOffshoreRenewables test is Started
2024-02-08 10:02:264 INFO  S04quickNavigationPage:66 - Clicked on Schedule 3
2024-02-08 10:02:301 INFO  BaseClass:111 - scheduleOffshoreRenewables test is pass
2024-02-08 10:02:306 INFO  BaseClass:118 - scheduleOffshoreRenewables - is Finished.
2024-02-08 10:02:343 INFO  BaseClass:97 - clickOnMap test is Started
2024-02-08 10:02:569 INFO  S04quickNavigationPage:76 - Clicked on Map Navigation
2024-02-08 10:02:583 INFO  BaseClass:111 - clickOnMap test is pass
2024-02-08 10:02:584 INFO  BaseClass:118 - clickOnMap - is Finished.
2024-02-08 10:02:603 INFO  BaseClass:97 - clickOnReport test is Started
2024-02-08 10:02:362 INFO  S04quickNavigationPage:85 - Clicked on Report Navigation
2024-02-08 10:02:368 INFO  BaseClass:111 - clickOnReport test is pass
2024-02-08 10:02:370 INFO  BaseClass:118 - clickOnReport - is Finished.
2024-02-08 10:02:427 INFO  BaseClass:97 - clickOnResult test is Started
2024-02-08 10:02:690 INFO  S04quickNavigationPage:94 - Clicked on Result Navigation
2024-02-08 10:02:703 INFO  BaseClass:111 - clickOnResult test is pass
2024-02-08 10:02:704 INFO  BaseClass:118 - clickOnResult - is Finished.
2024-02-08 10:02:265 INFO  BaseClass:68 - chrome : is launched successfully
2024-02-08 10:02:914 INFO  BaseClass:90 - Enter URL : https://test-eh.ebixexchange.com/login
2024-02-08 10:02:215 INFO  BaseClass:97 - login test is Started
2024-02-08 10:02:913 INFO  LoginPage:94 - Enter Username : suneel.k
2024-02-08 10:02:289 INFO  LoginPage:100 - Enter Password : ebix@123
2024-02-08 10:02:513 INFO  LoginPage:105 - Clicked on Login
2024-02-08 10:02:332 INFO  BaseClass:111 - login test is pass
2024-02-08 10:02:334 INFO  BaseClass:118 - login - is Finished.
2024-02-08 10:02:378 INFO  BaseClass:97 - searchReportAndOpen test is Started
2024-02-08 10:02:671 INFO  CommonLocatorsAndMethod:1424 - Clicked on Report Link from Home Page
2024-02-08 10:02:287 INFO  CommonLocatorsAndMethod:1433 - Clicked on Search Input Box
2024-02-08 10:02:465 INFO  CommonLocatorsAndMethod:1588 - Clicked on Searched Report Data
2024-02-08 10:02:930 INFO  CommonLocatorsAndMethod:1593 - Clicked on Policy Navigation
2024-02-08 10:02:984 INFO  BaseClass:111 - searchReportAndOpen test is pass
2024-02-08 10:02:985 INFO  BaseClass:118 - searchReportAndOpen - is Finished.
2024-02-08 10:02:44 INFO  BaseClass:97 - mimReport test is Started
2024-02-08 10:02:314 INFO  S05mimPage:40 - Clicked on Policy Navigation
2024-02-08 10:02:964 INFO  S05mimPage:45 - Clicked on Policy Data
2024-02-08 10:02:138 INFO  S05mimPage:48 - Moved to Policy Module
2024-02-08 10:02:747 INFO  S05mimPage:50 - Moved to Back 
2024-02-08 10:02:754 INFO  BaseClass:111 - mimReport test is pass
2024-02-08 10:02:755 INFO  BaseClass:118 - mimReport - is Finished.
2024-02-08 10:02:828 INFO  BaseClass:97 - mimResult test is Started
2024-02-08 10:02:67 INFO  S05mimPage:61 - Clicked on Result Navigation
2024-02-08 10:02:132 INFO  BaseClass:111 - mimResult test is pass
2024-02-08 10:02:133 INFO  BaseClass:118 - mimResult - is Finished.
2024-02-08 10:02:927 INFO  BaseClass:68 - chrome : is launched successfully
2024-02-08 10:02:947 INFO  BaseClass:90 - Enter URL : https://test-eh.ebixexchange.com/login
2024-02-08 10:02:299 INFO  BaseClass:97 - login test is Started
2024-02-08 10:02:542 INFO  LoginPage:94 - Enter Username : suneel.k
2024-02-08 10:02:970 INFO  LoginPage:100 - Enter Password : ebix@123
2024-02-08 10:02:129 INFO  LoginPage:105 - Clicked on Login
2024-02-08 10:02:570 INFO  BaseClass:111 - login test is pass
2024-02-08 10:02:571 INFO  BaseClass:118 - login - is Finished.
2024-02-08 10:02:621 INFO  BaseClass:97 - createNewPolicy test is Started
2024-02-08 10:02:924 INFO  CommonLocatorsAndMethod:485 - Clicked on Policy
2024-02-08 10:02:415 INFO  CommonLocatorsAndMethod:491 - Clicked on Add Policy
2024-02-08 10:02:885 INFO  CommonLocatorsAndMethod:501 - Clicked on Entity Grid
2024-02-08 10:02:179 INFO  CommonLocatorsAndMethod:507 - Select Entity
2024-02-08 10:02:464 INFO  CommonLocatorsAndMethod:512 - Clicked on Class Grid
2024-02-08 10:02:271 INFO  CommonLocatorsAndMethod:524 - Select Class - [[ChromeDriver: chrome on windows (79ba738b8c5eee37e8de848af2e03698)] -> xpath: //span[text()=' Property ']]
2024-02-08 10:02:87 INFO  CommonLocatorsAndMethod:524 - Select Class - [[ChromeDriver: chrome on windows (79ba738b8c5eee37e8de848af2e03698)] -> xpath: //span[text()=' Property ']]
2024-02-08 10:02:586 INFO  CommonLocatorsAndMethod:533 - Clicked on Perils Grid
2024-02-08 10:02:258 INFO  CommonLocatorsAndMethod:540 - Enter Policy Reference : Policy_08022024_S06
2024-02-08 10:02:721 INFO  CommonLocatorsAndMethod:547 - Enter Assured : Assured_S06
2024-02-08 10:02:795 INFO  CommonLocatorsAndMethod:550 - Scroll till other field text
2024-02-08 10:02:366 INFO  CommonLocatorsAndMethod:556 - Clicked on Other Field
2024-02-08 10:02:607 INFO  CommonLocatorsAndMethod:562 - Clicked on Coverage Rule
2024-02-08 10:02:241 INFO  CommonLocatorsAndMethod:569 - Clicked on Save
2024-02-08 10:02:612 INFO  CommonLocatorsAndMethod:573 - Clicked on Policy Navigation Link
2024-02-08 10:02:748 INFO  CommonLocatorsAndMethod:579 - Verify created Policy
2024-02-08 10:02:765 INFO  BaseClass:111 - createNewPolicy test is pass
2024-02-08 10:02:767 INFO  BaseClass:118 - createNewPolicy - is Finished.
2024-02-08 10:02:902 INFO  BaseClass:97 - addNewLimitGroup test is Started
2024-02-08 10:02:330 INFO  CommonLocatorsAndMethod:726 - Clicked on Terms Navigation
2024-02-08 10:02:73 INFO  CommonLocatorsAndMethod:731 - Clicked on Terms Edit
2024-02-08 10:02:794 INFO  CommonLocatorsAndMethod:736 - Clicked on Add Limit Group
2024-02-08 10:02:624 INFO  CommonLocatorsAndMethod:742 - Enter Limit Group Name : GNPolicyS06
2024-02-08 10:02:903 INFO  CommonLocatorsAndMethod:747 - Clicked on Add Rule Limit Group
2024-02-08 10:02:394 INFO  CommonLocatorsAndMethod:753 - Clicked on Country Name
2024-02-08 10:02:892 INFO  CommonLocatorsAndMethod:756 - Enter Country Name : United States
2024-02-08 10:02:185 INFO  CommonLocatorsAndMethod:761 - Clicked on Preview Group
2024-02-08 10:02:802 INFO  CommonLocatorsAndMethod:766 - Clicked on Save Group
2024-02-08 10:02:793 INFO  CommonLocatorsAndMethod:771 - Clicked on Save Terms
2024-02-08 10:02:213 INFO  CommonLocatorsAndMethod:784 - Verify created Group Name
2024-02-08 10:02:234 INFO  BaseClass:111 - addNewLimitGroup test is pass
2024-02-08 10:02:236 INFO  BaseClass:118 - addNewLimitGroup - is Finished.
2024-02-08 10:02:272 INFO  BaseClass:97 - addNewLimit test is Started
2024-02-08 10:02:550 INFO  CommonLocatorsAndMethod:867 - Clicked on Edit Terms
2024-02-08 10:02:960 INFO  CommonLocatorsAndMethod:874 - Clicked on Add New Limit
2024-02-08 10:02:410 INFO  CommonLocatorsAndMethod:885 - Clicked on Save Terms
2024-02-08 10:02:746 INFO  BaseClass:111 - addNewLimit test is pass
2024-02-08 10:02:753 INFO  BaseClass:118 - addNewLimit - is Finished.
2024-02-08 10:02:779 INFO  BaseClass:97 - addCoverage test is Started
2024-02-08 10:02:576 INFO  CommonLocatorsAndMethod:900 - Clicked on Coverage Navigation
2024-02-08 10:02:261 INFO  CommonLocatorsAndMethod:907 - Clicked on Coverage Edit
2024-02-08 10:02:795 INFO  CommonLocatorsAndMethod:912 - Clicked on Add Coverage Group
2024-02-08 10:02:670 INFO  CommonLocatorsAndMethod:918 - Enter Coverage Name : CoverageS06
2024-02-08 10:02:979 INFO  CommonLocatorsAndMethod:925 - Clicked on Add Rule Coverage
2024-02-08 10:02:151 INFO  CommonLocatorsAndMethod:931 - Clicked on Country Name
2024-02-08 10:02:629 INFO  CommonLocatorsAndMethod:934 - Enter Country Name : United States
2024-02-08 10:02:910 INFO  CommonLocatorsAndMethod:940 - Clicked on Preview Group
2024-02-08 10:02:204 INFO  CommonLocatorsAndMethod:946 - Clicked on Save Coverage
2024-02-08 10:02:467 INFO  CommonLocatorsAndMethod:954 - Clicked on Cancel Coverage
2024-02-08 10:02:674 INFO  CommonLocatorsAndMethod:963 - Verify created Coverage Name
2024-02-08 10:02:823 INFO  BaseClass:111 - addCoverage test is pass
2024-02-08 10:02:824 INFO  BaseClass:118 - addCoverage - is Finished.
2024-02-08 10:02:861 INFO  BaseClass:97 - importOnshoreSchedule test is Started
2024-02-08 10:02:149 INFO  CommonLocatorsAndMethod:2644 - Clicked on Class Navigation
2024-02-08 10:02:495 INFO  CommonLocatorsAndMethod:2654 - Clicked on Edit Schedule
2024-02-08 10:02:941 INFO  CommonLocatorsAndMethod:2667 - Clicked on Import Button
2024-02-08 10:02:202 INFO  CommonLocatorsAndMethod:2670 - File Uploaded : \src\test\resources\importData\Onshore_100_Rows.xls
2024-02-08 10:02:430 INFO  CommonLocatorsAndMethod:2679 - Clicked on Geocoding
2024-02-08 10:02:637 INFO  CommonLocatorsAndMethod:2688 - Select Geocoding - Yes
2024-02-08 10:02:974 INFO  CommonLocatorsAndMethod:2703 - Clicked on Continue
2024-02-08 10:02:147 INFO  CommonLocatorsAndMethod:2709 - Clicked on Import
2024-02-08 10:02:492 INFO  CommonLocatorsAndMethod:2715 - Clicked on Refresh
2024-02-08 10:02:879 INFO  CommonLocatorsAndMethod:2722 - Clicked on Finish
2024-02-08 10:02:70 INFO  CommonLocatorsAndMethod:2730 - Clicked on Confirmation - Yes
2024-02-08 10:02:438 INFO  CommonLocatorsAndMethod:2739 - Clicked on Schedule Navigation
2024-02-08 10:02:377 INFO  BaseClass:111 - importOnshoreSchedule test is pass
2024-02-08 10:02:377 INFO  BaseClass:118 - importOnshoreSchedule - is Finished.
2024-02-08 10:02:71 INFO  BaseClass:68 - chrome : is launched successfully
2024-02-08 10:02:802 INFO  BaseClass:90 - Enter URL : https://test-eh.ebixexchange.com/login
2024-02-08 10:02:117 INFO  BaseClass:97 - login test is Started
2024-02-08 10:02:895 INFO  LoginPage:94 - Enter Username : suneel.k
2024-02-08 10:02:282 INFO  LoginPage:100 - Enter Password : ebix@123
2024-02-08 10:02:910 INFO  LoginPage:105 - Clicked on Login
2024-02-08 10:02:452 INFO  BaseClass:111 - login test is pass
2024-02-08 10:02:452 INFO  BaseClass:118 - login - is Finished.
2024-02-08 10:02:506 INFO  BaseClass:97 - createNewPolicy test is Started
2024-02-08 10:02:753 INFO  CommonLocatorsAndMethod:485 - Clicked on Policy
2024-02-08 10:02:510 INFO  CommonLocatorsAndMethod:491 - Clicked on Add Policy
2024-02-08 10:02:673 INFO  CommonLocatorsAndMethod:501 - Clicked on Entity Grid
2024-02-08 10:02:90 INFO  CommonLocatorsAndMethod:507 - Select Entity
2024-02-08 10:02:375 INFO  CommonLocatorsAndMethod:512 - Clicked on Class Grid
2024-02-08 10:02:139 INFO  CommonLocatorsAndMethod:524 - Select Class - [[ChromeDriver: chrome on windows (b3a346029bb98e43ed9c770d56dd84ed)] -> xpath: //span[text()=' Offshore ']]
2024-02-08 10:02:680 INFO  CommonLocatorsAndMethod:533 - Clicked on Perils Grid
2024-02-08 10:02:247 INFO  CommonLocatorsAndMethod:540 - Enter Policy Reference : Policy_08022024_S07
2024-02-08 10:02:964 INFO  CommonLocatorsAndMethod:547 - Enter Assured : Assured_S07
2024-02-08 10:02:142 INFO  CommonLocatorsAndMethod:550 - Scroll till other field text
2024-02-08 10:02:862 INFO  CommonLocatorsAndMethod:556 - Clicked on Other Field
2024-02-08 10:02:330 INFO  CommonLocatorsAndMethod:562 - Clicked on Coverage Rule
2024-02-08 10:02:113 INFO  CommonLocatorsAndMethod:569 - Clicked on Save
2024-02-08 10:02:548 INFO  CommonLocatorsAndMethod:573 - Clicked on Policy Navigation Link
2024-02-08 10:02:520 INFO  CommonLocatorsAndMethod:579 - Verify created Policy
2024-02-08 10:02:524 INFO  BaseClass:111 - createNewPolicy test is pass
2024-02-08 10:02:525 INFO  BaseClass:118 - createNewPolicy - is Finished.
2024-02-08 10:02:566 INFO  BaseClass:97 - addNewLimitGroup test is Started
2024-02-08 10:02:897 INFO  CommonLocatorsAndMethod:726 - Clicked on Terms Navigation
2024-02-08 10:02:928 INFO  CommonLocatorsAndMethod:731 - Clicked on Terms Edit
2024-02-08 10:02:677 INFO  CommonLocatorsAndMethod:736 - Clicked on Add Limit Group
2024-02-08 10:02:608 INFO  CommonLocatorsAndMethod:742 - Enter Limit Group Name : GNPolicyS07
2024-02-08 10:02:826 INFO  CommonLocatorsAndMethod:747 - Clicked on Add Rule Limit Group
2024-02-08 10:02:120 INFO  CommonLocatorsAndMethod:753 - Clicked on Country Name
2024-02-08 10:02:640 INFO  CommonLocatorsAndMethod:756 - Enter Country Name : United States
2024-02-08 10:02:945 INFO  CommonLocatorsAndMethod:761 - Clicked on Preview Group
2024-02-08 10:02:276 INFO  CommonLocatorsAndMethod:766 - Clicked on Save Group
2024-02-08 10:02:889 INFO  CommonLocatorsAndMethod:771 - Clicked on Save Terms
2024-02-08 10:02:221 INFO  CommonLocatorsAndMethod:784 - Verify created Group Name
2024-02-08 10:02:230 INFO  BaseClass:111 - addNewLimitGroup test is pass
2024-02-08 10:02:231 INFO  BaseClass:118 - addNewLimitGroup - is Finished.
2024-02-08 10:02:285 INFO  BaseClass:97 - addNewLimit test is Started
2024-02-08 10:02:525 INFO  CommonLocatorsAndMethod:867 - Clicked on Edit Terms
2024-02-08 10:02:993 INFO  CommonLocatorsAndMethod:874 - Clicked on Add New Limit
2024-02-08 10:02:492 INFO  CommonLocatorsAndMethod:885 - Clicked on Save Terms
2024-02-08 10:02:828 INFO  BaseClass:111 - addNewLimit test is pass
2024-02-08 10:02:829 INFO  BaseClass:118 - addNewLimit - is Finished.
2024-02-08 10:02:847 INFO  BaseClass:97 - addCoverage test is Started
2024-02-08 10:02:80 INFO  CommonLocatorsAndMethod:900 - Clicked on Coverage Navigation
2024-02-08 10:02:778 INFO  CommonLocatorsAndMethod:907 - Clicked on Coverage Edit
2024-02-08 10:02:75 INFO  CommonLocatorsAndMethod:912 - Clicked on Add Coverage Group
2024-02-08 10:02:21 INFO  CommonLocatorsAndMethod:918 - Enter Coverage Name : CoverageS07
2024-02-08 10:02:404 INFO  CommonLocatorsAndMethod:925 - Clicked on Add Rule Coverage
2024-02-08 10:02:626 INFO  CommonLocatorsAndMethod:931 - Clicked on Country Name
2024-02-08 10:02:131 INFO  CommonLocatorsAndMethod:934 - Enter Country Name : United States
2024-02-08 10:02:426 INFO  CommonLocatorsAndMethod:940 - Clicked on Preview Group
2024-02-08 10:02:734 INFO  CommonLocatorsAndMethod:946 - Clicked on Save Coverage
2024-02-08 10:02:994 INFO  CommonLocatorsAndMethod:954 - Clicked on Cancel Coverage
2024-02-08 10:02:202 INFO  CommonLocatorsAndMethod:963 - Verify created Coverage Name
2024-02-08 10:02:349 INFO  BaseClass:111 - addCoverage test is pass
2024-02-08 10:02:349 INFO  BaseClass:118 - addCoverage - is Finished.
2024-02-08 10:02:418 INFO  BaseClass:97 - importOffshoreSchedule test is Started
2024-02-08 10:02:720 INFO  CommonLocatorsAndMethod:2644 - Clicked on Class Navigation
2024-02-08 10:02:83 INFO  CommonLocatorsAndMethod:2654 - Clicked on Edit Schedule
2024-02-08 10:02:517 INFO  CommonLocatorsAndMethod:2667 - Clicked on Import Button
2024-02-08 10:02:651 INFO  CommonLocatorsAndMethod:2670 - File Uploaded : \src\test\resources\importData\Offshore_1000_Rows.xls
2024-02-08 10:02:859 INFO  CommonLocatorsAndMethod:2703 - Clicked on Continue
2024-02-08 10:02:62 INFO  CommonLocatorsAndMethod:2709 - Clicked on Import
2024-02-08 10:02:313 INFO  CommonLocatorsAndMethod:2715 - Clicked on Refresh
2024-02-08 10:02:463 INFO  CommonLocatorsAndMethod:2722 - Clicked on Finish
2024-02-08 10:02:911 INFO  CommonLocatorsAndMethod:2730 - Clicked on Confirmation - Yes
2024-02-08 10:02:326 INFO  CommonLocatorsAndMethod:2739 - Clicked on Schedule Navigation
2024-02-08 10:02:948 INFO  BaseClass:111 - importOffshoreSchedule test is pass
2024-02-08 10:02:949 INFO  BaseClass:118 - importOffshoreSchedule - is Finished.
2024-02-08 10:02:458 INFO  BaseClass:68 - chrome : is launched successfully
2024-02-08 10:02:75 INFO  BaseClass:90 - Enter URL : https://test-eh.ebixexchange.com/login
2024-02-08 10:02:406 INFO  BaseClass:97 - login test is Started
2024-02-08 10:02:40 INFO  LoginPage:94 - Enter Username : user.quick
2024-02-08 10:02:484 INFO  LoginPage:100 - Enter Password : Ebix@123
2024-02-08 10:02:726 INFO  LoginPage:105 - Clicked on Login
2024-02-08 10:02:486 INFO  BaseClass:111 - login test is pass
2024-02-08 10:02:486 INFO  BaseClass:118 - login - is Finished.
2024-02-08 10:02:568 INFO  BaseClass:97 - quickQuote test is Started
2024-02-08 10:02:261 INFO  BaseClass:111 - quickQuote test is pass
2024-02-08 10:02:261 INFO  BaseClass:118 - quickQuote - is Finished.
2024-02-08 10:02:350 INFO  BaseClass:68 - chrome : is launched successfully
2024-02-08 10:02:205 INFO  BaseClass:90 - Enter URL : https://test-eh.ebixexchange.com/login
2024-02-08 10:02:502 INFO  BaseClass:97 - login test is Started
2024-02-08 10:02:268 INFO  LoginPage:94 - Enter Username : suneel.k
2024-02-08 10:02:642 INFO  LoginPage:100 - Enter Password : ebix@123
2024-02-08 10:02:888 INFO  LoginPage:105 - Clicked on Login
2024-02-08 10:02:202 INFO  BaseClass:111 - login test is pass
2024-02-08 10:02:203 INFO  BaseClass:118 - login - is Finished.
2024-02-08 10:02:250 INFO  BaseClass:97 - searchPolicy test is Started
2024-02-08 10:02:467 INFO  CommonLocatorsAndMethod:1391 - Clicked on Policy Link from Home Page
2024-02-08 10:02:323 INFO  CommonLocatorsAndMethod:1400 - Clicked on Search Input Box
2024-02-08 10:02:277 INFO  CommonLocatorsAndMethod:1405 - Enter Policy Number : Policy_08022024_S01update
2024-02-08 10:02:384 INFO  CommonLocatorsAndMethod:1410 - Verify Searched Policy
2024-02-08 10:02:673 INFO  CommonLocatorsAndMethod:1569 - Clicked on Searched Policy Data
2024-02-08 10:02:312 INFO  CommonLocatorsAndMethod:1573 - Clicked on Policy Navigation
2024-02-08 10:02:314 INFO  BaseClass:111 - searchPolicy test is pass
2024-02-08 10:02:315 INFO  BaseClass:118 - searchPolicy - is Finished.
2024-02-08 10:02:365 INFO  BaseClass:97 - deletLimit test is Started
2024-02-08 10:02:145 INFO  CommonLocatorsAndMethod:1623 - Clicked on Edit Terms
2024-02-08 10:02:953 INFO  CommonLocatorsAndMethod:1631 - Clicked on Delete Limit
2024-02-08 10:02:412 INFO  CommonLocatorsAndMethod:1636 - Clicked on Delete Confirmation - Yes
2024-02-08 10:02:329 INFO  CommonLocatorsAndMethod:1649 - Clicked on Terms Navigation
2024-02-08 10:02:347 INFO  BaseClass:111 - deletLimit test is pass
2024-02-08 10:02:348 INFO  BaseClass:118 - deletLimit - is Finished.
2024-02-08 10:02:406 INFO  BaseClass:97 - deleteLimitGroup test is Started
2024-02-08 10:02:396 INFO  BaseClass:111 - deleteLimitGroup test is pass
2024-02-08 10:02:399 INFO  BaseClass:118 - deleteLimitGroup - is Finished.
2024-02-08 10:02:449 INFO  BaseClass:97 - deleteScheduleCyber test is Started
2024-02-08 10:02:717 INFO  CommonLocatorsAndMethod:1756 - Clicked on Schedule Navigation
2024-02-08 10:02:553 INFO  CommonLocatorsAndMethod:1776 - Clicked on Edit Schedule
2024-02-08 10:02:227 INFO  CommonLocatorsAndMethod:1803 - Clicked on Row Action
2024-02-08 10:02:715 INFO  CommonLocatorsAndMethod:1811 - Clicked on Option Delete
2024-02-08 10:02:981 INFO  CommonLocatorsAndMethod:1819 - Clicked on Confirmation - Yes
2024-02-08 10:02:786 INFO  CommonLocatorsAndMethod:1850 - Clicked on Save Schedule
2024-02-08 10:02:799 INFO  BaseClass:111 - deleteScheduleCyber test is pass
2024-02-08 10:02:800 INFO  BaseClass:118 - deleteScheduleCyber - is Finished.
2024-02-08 10:02:852 INFO  BaseClass:97 - deleteScheduleOffshore test is Started
2024-02-08 10:02:353 INFO  CommonLocatorsAndMethod:1756 - Clicked on Schedule Navigation
2024-02-08 10:02:86 INFO  CommonLocatorsAndMethod:1776 - Clicked on Edit Schedule
2024-02-08 10:02:569 INFO  CommonLocatorsAndMethod:1803 - Clicked on Row Action
2024-02-08 10:02:29 INFO  CommonLocatorsAndMethod:1811 - Clicked on Option Delete
2024-02-08 10:02:294 INFO  CommonLocatorsAndMethod:1819 - Clicked on Confirmation - Yes
2024-02-08 10:02:183 INFO  CommonLocatorsAndMethod:1850 - Clicked on Save Schedule
2024-02-08 10:02:190 INFO  BaseClass:111 - deleteScheduleOffshore test is pass
2024-02-08 10:02:190 INFO  BaseClass:118 - deleteScheduleOffshore - is Finished.
2024-02-08 10:02:228 INFO  BaseClass:97 - deleteScheduleOffshoreRenewables test is Started
2024-02-08 10:02:531 INFO  CommonLocatorsAndMethod:1756 - Clicked on Schedule Navigation
2024-02-08 10:02:187 INFO  CommonLocatorsAndMethod:1776 - Clicked on Edit Schedule
2024-02-08 10:02:665 INFO  CommonLocatorsAndMethod:1803 - Clicked on Row Action
2024-02-08 10:02:61 INFO  CommonLocatorsAndMethod:1811 - Clicked on Option Delete
2024-02-08 10:02:489 INFO  CommonLocatorsAndMethod:1819 - Clicked on Confirmation - Yes
2024-02-08 10:02:297 INFO  CommonLocatorsAndMethod:1850 - Clicked on Save Schedule
2024-02-08 10:02:334 INFO  BaseClass:111 - deleteScheduleOffshoreRenewables test is pass
2024-02-08 10:02:340 INFO  BaseClass:118 - deleteScheduleOffshoreRenewables - is Finished.
2024-02-08 10:02:388 INFO  BaseClass:97 - deletePolicy test is Started
2024-02-08 10:02:745 INFO  CommonLocatorsAndMethod:1455 - Clicked on Hub Navigation
2024-02-08 10:02:25 INFO  CommonLocatorsAndMethod:1466 - Enter Policy Number : Policy_08022024_S01update
2024-02-08 10:02:125 INFO  CommonLocatorsAndMethod:1471 - Verify Policy Number Searched Data
2024-02-08 10:02:344 INFO  CommonLocatorsAndMethod:1709 - Clicked on Row Action Button
2024-02-08 10:02:781 INFO  CommonLocatorsAndMethod:1714 - Clicked on Delete Button
2024-02-08 10:02:54 INFO  CommonLocatorsAndMethod:1720 - Delete Confirmation - Yes
2024-02-08 10:02:351 INFO  CommonLocatorsAndMethod:1725 - Clicked on Hub Navigation
2024-02-08 10:02:619 INFO  CommonLocatorsAndMethod:1729 - Clicked on Refresh Button - Policy
2024-02-08 10:02:869 INFO  CommonLocatorsAndMethod:1733 - Clicked on Search Policy
2024-02-08 10:02:368 INFO  CommonLocatorsAndMethod:1739 - Eneter Deleted Policy Number : Policy_08022024_S01update
2024-02-08 10:02:383 INFO  BaseClass:111 - deletePolicy test is pass
2024-02-08 10:02:385 INFO  BaseClass:118 - deletePolicy - is Finished.
